[0.657s] Invoking command in '/home/hospital/hospital_ws/yolo_node': PYTHONPATH=/home/hospital/hospital_ws/build/yolo_node/prefix_override:/usr/lib/python3/dist-packages/colcon_core/task/python/colcon_distutils_commands:/home/hospital/hospital_ws/install/yolo_node/lib/python3.10/site-packages:${PYTHONPATH} /usr/bin/python3 -W ignore:setup.py install is deprecated -W ignore:easy_install command is deprecated setup.py egg_info --egg-base ../build/yolo_node build --build-base /home/hospital/hospital_ws/build/yolo_node/build install --record /home/hospital/hospital_ws/build/yolo_node/install.log --single-version-externally-managed install_data
[0.795s] running egg_info
[0.796s] writing ../build/yolo_node/yolo_node.egg-info/PKG-INFO
[0.796s] writing dependency_links to ../build/yolo_node/yolo_node.egg-info/dependency_links.txt
[0.796s] writing entry points to ../build/yolo_node/yolo_node.egg-info/entry_points.txt
[0.796s] writing requirements to ../build/yolo_node/yolo_node.egg-info/requires.txt
[0.796s] writing top-level names to ../build/yolo_node/yolo_node.egg-info/top_level.txt
[0.797s] reading manifest file '../build/yolo_node/yolo_node.egg-info/SOURCES.txt'
[0.798s] writing manifest file '../build/yolo_node/yolo_node.egg-info/SOURCES.txt'
[0.798s] running build
[0.798s] running build_py
[0.798s] running install
[0.798s] running install_lib
[0.799s] running install_data
[0.799s] running install_egg_info
[0.800s] removing '/home/hospital/hospital_ws/install/yolo_node/lib/python3.10/site-packages/yolo_node-0.0.0-py3.10.egg-info' (and everything under it)
[0.800s] Copying ../build/yolo_node/yolo_node.egg-info to /home/hospital/hospital_ws/install/yolo_node/lib/python3.10/site-packages/yolo_node-0.0.0-py3.10.egg-info
[0.801s] running install_scripts
[0.813s] Installing yolo_node script to /home/hospital/hospital_ws/install/yolo_node/lib/yolo_node
[0.813s] writing list of installed files to '/home/hospital/hospital_ws/build/yolo_node/install.log'
[0.835s] Invoked command in '/home/hospital/hospital_ws/yolo_node' returned '0': PYTHONPATH=/home/hospital/hospital_ws/build/yolo_node/prefix_override:/usr/lib/python3/dist-packages/colcon_core/task/python/colcon_distutils_commands:/home/hospital/hospital_ws/install/yolo_node/lib/python3.10/site-packages:${PYTHONPATH} /usr/bin/python3 -W ignore:setup.py install is deprecated -W ignore:easy_install command is deprecated setup.py egg_info --egg-base ../build/yolo_node build --build-base /home/hospital/hospital_ws/build/yolo_node/build install --record /home/hospital/hospital_ws/build/yolo_node/install.log --single-version-externally-managed install_data
