running develop
Removing /home/hospital/hospital_ws/install/hospital_vision/lib/python3.10/site-packages/hospital-vision.egg-link (link to .)
running egg_info
writing ../../build/hospital_vision/hospital_vision.egg-info/PKG-INFO
writing dependency_links to ../../build/hospital_vision/hospital_vision.egg-info/dependency_links.txt
writing entry points to ../../build/hospital_vision/hospital_vision.egg-info/entry_points.txt
writing requirements to ../../build/hospital_vision/hospital_vision.egg-info/requires.txt
writing top-level names to ../../build/hospital_vision/hospital_vision.egg-info/top_level.txt
reading manifest file '../../build/hospital_vision/hospital_vision.egg-info/SOURCES.txt'
writing manifest file '../../build/hospital_vision/hospital_vision.egg-info/SOURCES.txt'
running build
running build_py
running install
running install_lib
creating /home/hospital/hospital_ws/install/hospital_vision/lib/python3.10/site-packages/hospital_vision
copying /home/hospital/hospital_ws/build/hospital_vision/build/lib/hospital_vision/__init__.py -> /home/hospital/hospital_ws/install/hospital_vision/lib/python3.10/site-packages/hospital_vision
copying /home/hospital/hospital_ws/build/hospital_vision/build/lib/hospital_vision/d435_node1.py -> /home/hospital/hospital_ws/install/hospital_vision/lib/python3.10/site-packages/hospital_vision
copying /home/hospital/hospital_ws/build/hospital_vision/build/lib/hospital_vision/d435_transnode.py -> /home/hospital/hospital_ws/install/hospital_vision/lib/python3.10/site-packages/hospital_vision
copying /home/hospital/hospital_ws/build/hospital_vision/build/lib/hospital_vision/d435_node.py -> /home/hospital/hospital_ws/install/hospital_vision/lib/python3.10/site-packages/hospital_vision
byte-compiling /home/hospital/hospital_ws/install/hospital_vision/lib/python3.10/site-packages/hospital_vision/__init__.py to __init__.cpython-310.pyc
byte-compiling /home/hospital/hospital_ws/install/hospital_vision/lib/python3.10/site-packages/hospital_vision/d435_node1.py to d435_node1.cpython-310.pyc
byte-compiling /home/hospital/hospital_ws/install/hospital_vision/lib/python3.10/site-packages/hospital_vision/d435_transnode.py to d435_transnode.cpython-310.pyc
byte-compiling /home/hospital/hospital_ws/install/hospital_vision/lib/python3.10/site-packages/hospital_vision/d435_node.py to d435_node.cpython-310.pyc
running install_data
copying resource/hospital_vision -> /home/hospital/hospital_ws/install/hospital_vision/share/ament_index/resource_index/packages
copying package.xml -> /home/hospital/hospital_ws/install/hospital_vision/share/hospital_vision
running install_egg_info
Copying ../../build/hospital_vision/hospital_vision.egg-info to /home/hospital/hospital_ws/install/hospital_vision/lib/python3.10/site-packages/hospital_vision-0.0.0-py3.10.egg-info
running install_scripts
Installing d435_node script to /home/hospital/hospital_ws/install/hospital_vision/lib/hospital_vision
Installing d435_node1 script to /home/hospital/hospital_ws/install/hospital_vision/lib/hospital_vision
writing list of installed files to '/home/hospital/hospital_ws/build/hospital_vision/install.log'
