[0.234s] DEBUG:colcon:Command line arguments: ['/usr/bin/colcon', 'build']
[0.234s] DEBUG:colcon:Parsed command line arguments: Namespace(log_base=None, log_level=None, verb_name='build', build_base='build', install_base='install', merge_install=False, symlink_install=False, test_result_base=None, continue_on_error=False, executor='parallel', parallel_workers=24, event_handlers=None, ignore_user_meta=False, metas=['./colcon.meta'], base_paths=['.'], packages_ignore=None, packages_ignore_regex=None, paths=None, packages_up_to=None, packages_up_to_regex=None, packages_above=None, packages_above_and_dependencies=None, packages_above_depth=None, packages_select_by_dep=None, packages_skip_by_dep=None, packages_skip_up_to=None, packages_select_build_failed=False, packages_skip_build_finished=False, packages_select_test_failures=False, packages_skip_test_passed=False, packages_select=None, packages_skip=None, packages_select_regex=None, packages_skip_regex=None, packages_start=None, packages_end=None, allow_overriding=[], cmake_args=None, cmake_target=None, cmake_target_skip_unavailable=False, cmake_clean_cache=False, cmake_clean_first=False, cmake_force_configure=False, ament_cmake_args=None, catkin_cmake_args=None, catkin_skip_building_tests=False, verb_parser=<colcon_defaults.argument_parser.defaults.DefaultArgumentsDecorator object at 0x7d4d81158a00>, verb_extension=<colcon_core.verb.build.BuildVerb object at 0x7d4d81158220>, main=<bound method BuildVerb.main of <colcon_core.verb.build.BuildVerb object at 0x7d4d81158220>>)
[0.415s] Level 1:colcon.colcon_core.package_discovery:discover_packages(colcon_meta) check parameters
[0.415s] Level 1:colcon.colcon_core.package_discovery:discover_packages(recursive) check parameters
[0.415s] Level 1:colcon.colcon_core.package_discovery:discover_packages(ignore) check parameters
[0.415s] Level 1:colcon.colcon_core.package_discovery:discover_packages(path) check parameters
[0.415s] Level 1:colcon.colcon_core.package_discovery:discover_packages(colcon_meta) discover
[0.415s] Level 1:colcon.colcon_core.package_discovery:discover_packages(recursive) discover
[0.415s] INFO:colcon.colcon_core.package_discovery:Crawling recursively for packages in '/home/hospital/hospital_ws'
[0.415s] Level 1:colcon.colcon_core.package_identification:_identify(.) by extensions ['ignore', 'ignore_ament_install']
[0.416s] Level 1:colcon.colcon_core.package_identification:_identify(.) by extension 'ignore'
[0.416s] Level 1:colcon.colcon_core.package_identification:_identify(.) by extension 'ignore_ament_install'
[0.416s] Level 1:colcon.colcon_core.package_identification:_identify(.) by extensions ['colcon_pkg']
[0.416s] Level 1:colcon.colcon_core.package_identification:_identify(.) by extension 'colcon_pkg'
[0.416s] Level 1:colcon.colcon_core.package_identification:_identify(.) by extensions ['colcon_meta']
[0.416s] Level 1:colcon.colcon_core.package_identification:_identify(.) by extension 'colcon_meta'
[0.416s] Level 1:colcon.colcon_core.package_identification:_identify(.) by extensions ['ros']
[0.416s] Level 1:colcon.colcon_core.package_identification:_identify(.) by extension 'ros'
[0.427s] Level 1:colcon.colcon_core.package_identification:_identify(.) by extensions ['cmake', 'python']
[0.427s] Level 1:colcon.colcon_core.package_identification:_identify(.) by extension 'cmake'
[0.427s] Level 1:colcon.colcon_core.package_identification:_identify(.) by extension 'python'
[0.427s] Level 1:colcon.colcon_core.package_identification:_identify(.) by extensions ['python_setup_py']
[0.427s] Level 1:colcon.colcon_core.package_identification:_identify(.) by extension 'python_setup_py'
[0.427s] Level 1:colcon.colcon_core.package_identification:_identify(build) by extensions ['ignore', 'ignore_ament_install']
[0.427s] Level 1:colcon.colcon_core.package_identification:_identify(build) by extension 'ignore'
[0.427s] Level 1:colcon.colcon_core.package_identification:_identify(build) ignored
[0.427s] Level 1:colcon.colcon_core.package_identification:_identify(install) by extensions ['ignore', 'ignore_ament_install']
[0.427s] Level 1:colcon.colcon_core.package_identification:_identify(install) by extension 'ignore'
[0.427s] Level 1:colcon.colcon_core.package_identification:_identify(install) ignored
[0.427s] Level 1:colcon.colcon_core.package_identification:_identify(log) by extensions ['ignore', 'ignore_ament_install']
[0.427s] Level 1:colcon.colcon_core.package_identification:_identify(log) by extension 'ignore'
[0.427s] Level 1:colcon.colcon_core.package_identification:_identify(log) ignored
[0.428s] Level 1:colcon.colcon_core.package_identification:_identify(src) by extensions ['ignore', 'ignore_ament_install']
[0.428s] Level 1:colcon.colcon_core.package_identification:_identify(src) by extension 'ignore'
[0.428s] Level 1:colcon.colcon_core.package_identification:_identify(src) by extension 'ignore_ament_install'
[0.428s] Level 1:colcon.colcon_core.package_identification:_identify(src) by extensions ['colcon_pkg']
[0.428s] Level 1:colcon.colcon_core.package_identification:_identify(src) by extension 'colcon_pkg'
[0.428s] Level 1:colcon.colcon_core.package_identification:_identify(src) by extensions ['colcon_meta']
[0.428s] Level 1:colcon.colcon_core.package_identification:_identify(src) by extension 'colcon_meta'
[0.428s] Level 1:colcon.colcon_core.package_identification:_identify(src) by extensions ['ros']
[0.428s] Level 1:colcon.colcon_core.package_identification:_identify(src) by extension 'ros'
[0.428s] Level 1:colcon.colcon_core.package_identification:_identify(src) by extensions ['cmake', 'python']
[0.428s] Level 1:colcon.colcon_core.package_identification:_identify(src) by extension 'cmake'
[0.428s] Level 1:colcon.colcon_core.package_identification:_identify(src) by extension 'python'
[0.428s] Level 1:colcon.colcon_core.package_identification:_identify(src) by extensions ['python_setup_py']
[0.428s] Level 1:colcon.colcon_core.package_identification:_identify(src) by extension 'python_setup_py'
[0.428s] Level 1:colcon.colcon_core.package_identification:_identify(src/hospital_vision) by extensions ['ignore', 'ignore_ament_install']
[0.428s] Level 1:colcon.colcon_core.package_identification:_identify(src/hospital_vision) by extension 'ignore'
[0.428s] Level 1:colcon.colcon_core.package_identification:_identify(src/hospital_vision) by extension 'ignore_ament_install'
[0.428s] Level 1:colcon.colcon_core.package_identification:_identify(src/hospital_vision) by extensions ['colcon_pkg']
[0.428s] Level 1:colcon.colcon_core.package_identification:_identify(src/hospital_vision) by extension 'colcon_pkg'
[0.429s] Level 1:colcon.colcon_core.package_identification:_identify(src/hospital_vision) by extensions ['colcon_meta']
[0.429s] Level 1:colcon.colcon_core.package_identification:_identify(src/hospital_vision) by extension 'colcon_meta'
[0.429s] Level 1:colcon.colcon_core.package_identification:_identify(src/hospital_vision) by extensions ['ros']
[0.429s] Level 1:colcon.colcon_core.package_identification:_identify(src/hospital_vision) by extension 'ros'
[0.431s] DEBUG:colcon.colcon_core.package_identification:Package 'src/hospital_vision' with type 'ros.ament_python' and name 'hospital_vision'
[0.431s] Level 1:colcon.colcon_core.package_identification:_identify(src/yolo_node_pkg) by extensions ['ignore', 'ignore_ament_install']
[0.431s] Level 1:colcon.colcon_core.package_identification:_identify(src/yolo_node_pkg) by extension 'ignore'
[0.431s] Level 1:colcon.colcon_core.package_identification:_identify(src/yolo_node_pkg) by extension 'ignore_ament_install'
[0.431s] Level 1:colcon.colcon_core.package_identification:_identify(src/yolo_node_pkg) by extensions ['colcon_pkg']
[0.431s] Level 1:colcon.colcon_core.package_identification:_identify(src/yolo_node_pkg) by extension 'colcon_pkg'
[0.431s] Level 1:colcon.colcon_core.package_identification:_identify(src/yolo_node_pkg) by extensions ['colcon_meta']
[0.431s] Level 1:colcon.colcon_core.package_identification:_identify(src/yolo_node_pkg) by extension 'colcon_meta'
[0.431s] Level 1:colcon.colcon_core.package_identification:_identify(src/yolo_node_pkg) by extensions ['ros']
[0.431s] Level 1:colcon.colcon_core.package_identification:_identify(src/yolo_node_pkg) by extension 'ros'
[0.432s] DEBUG:colcon.colcon_core.package_identification:Package 'src/yolo_node_pkg' with type 'ros.ament_python' and name 'yolo_node_pkg'
[0.432s] Level 1:colcon.colcon_core.package_identification:_identify(yolo_node) by extensions ['ignore', 'ignore_ament_install']
[0.432s] Level 1:colcon.colcon_core.package_identification:_identify(yolo_node) by extension 'ignore'
[0.432s] Level 1:colcon.colcon_core.package_identification:_identify(yolo_node) by extension 'ignore_ament_install'
[0.433s] Level 1:colcon.colcon_core.package_identification:_identify(yolo_node) by extensions ['colcon_pkg']
[0.433s] Level 1:colcon.colcon_core.package_identification:_identify(yolo_node) by extension 'colcon_pkg'
[0.433s] Level 1:colcon.colcon_core.package_identification:_identify(yolo_node) by extensions ['colcon_meta']
[0.433s] Level 1:colcon.colcon_core.package_identification:_identify(yolo_node) by extension 'colcon_meta'
[0.433s] Level 1:colcon.colcon_core.package_identification:_identify(yolo_node) by extensions ['ros']
[0.433s] Level 1:colcon.colcon_core.package_identification:_identify(yolo_node) by extension 'ros'
[0.433s] DEBUG:colcon.colcon_core.package_identification:Package 'yolo_node' with type 'ros.ament_python' and name 'yolo_node'
[0.433s] Level 1:colcon.colcon_core.package_discovery:discover_packages(recursive) using defaults
[0.433s] Level 1:colcon.colcon_core.package_discovery:discover_packages(ignore) discover
[0.433s] Level 1:colcon.colcon_core.package_discovery:discover_packages(ignore) using defaults
[0.434s] Level 1:colcon.colcon_core.package_discovery:discover_packages(path) discover
[0.434s] Level 1:colcon.colcon_core.package_discovery:discover_packages(path) using defaults
[0.463s] Level 1:colcon.colcon_core.package_discovery:discover_packages(prefix_path) check parameters
[0.463s] Level 1:colcon.colcon_core.package_discovery:discover_packages(prefix_path) discover
[0.466s] DEBUG:colcon.colcon_installed_package_information.package_discovery:Found 3 installed packages in /home/hospital/hospital_ws/install
[0.466s] DEBUG:colcon.colcon_installed_package_information.package_discovery:Found 273 installed packages in /opt/ros/humble
[0.467s] Level 1:colcon.colcon_core.package_discovery:discover_packages(prefix_path) using defaults
[0.493s] Level 5:colcon.colcon_core.verb:set package 'hospital_vision' build argument 'cmake_args' from command line to 'None'
[0.493s] Level 5:colcon.colcon_core.verb:set package 'hospital_vision' build argument 'cmake_target' from command line to 'None'
[0.493s] Level 5:colcon.colcon_core.verb:set package 'hospital_vision' build argument 'cmake_target_skip_unavailable' from command line to 'False'
[0.493s] Level 5:colcon.colcon_core.verb:set package 'hospital_vision' build argument 'cmake_clean_cache' from command line to 'False'
[0.493s] Level 5:colcon.colcon_core.verb:set package 'hospital_vision' build argument 'cmake_clean_first' from command line to 'False'
[0.493s] Level 5:colcon.colcon_core.verb:set package 'hospital_vision' build argument 'cmake_force_configure' from command line to 'False'
[0.493s] Level 5:colcon.colcon_core.verb:set package 'hospital_vision' build argument 'ament_cmake_args' from command line to 'None'
[0.493s] Level 5:colcon.colcon_core.verb:set package 'hospital_vision' build argument 'catkin_cmake_args' from command line to 'None'
[0.493s] Level 5:colcon.colcon_core.verb:set package 'hospital_vision' build argument 'catkin_skip_building_tests' from command line to 'False'
[0.493s] DEBUG:colcon.colcon_core.verb:Building package 'hospital_vision' with the following arguments: {'ament_cmake_args': None, 'build_base': '/home/hospital/hospital_ws/build/hospital_vision', 'catkin_cmake_args': None, 'catkin_skip_building_tests': False, 'cmake_args': None, 'cmake_clean_cache': False, 'cmake_clean_first': False, 'cmake_force_configure': False, 'cmake_target': None, 'cmake_target_skip_unavailable': False, 'install_base': '/home/hospital/hospital_ws/install/hospital_vision', 'merge_install': False, 'path': '/home/hospital/hospital_ws/src/hospital_vision', 'symlink_install': False, 'test_result_base': None}
[0.493s] Level 5:colcon.colcon_core.verb:set package 'yolo_node' build argument 'cmake_args' from command line to 'None'
[0.493s] Level 5:colcon.colcon_core.verb:set package 'yolo_node' build argument 'cmake_target' from command line to 'None'
[0.493s] Level 5:colcon.colcon_core.verb:set package 'yolo_node' build argument 'cmake_target_skip_unavailable' from command line to 'False'
[0.493s] Level 5:colcon.colcon_core.verb:set package 'yolo_node' build argument 'cmake_clean_cache' from command line to 'False'
[0.493s] Level 5:colcon.colcon_core.verb:set package 'yolo_node' build argument 'cmake_clean_first' from command line to 'False'
[0.493s] Level 5:colcon.colcon_core.verb:set package 'yolo_node' build argument 'cmake_force_configure' from command line to 'False'
[0.493s] Level 5:colcon.colcon_core.verb:set package 'yolo_node' build argument 'ament_cmake_args' from command line to 'None'
[0.493s] Level 5:colcon.colcon_core.verb:set package 'yolo_node' build argument 'catkin_cmake_args' from command line to 'None'
[0.493s] Level 5:colcon.colcon_core.verb:set package 'yolo_node' build argument 'catkin_skip_building_tests' from command line to 'False'
[0.493s] DEBUG:colcon.colcon_core.verb:Building package 'yolo_node' with the following arguments: {'ament_cmake_args': None, 'build_base': '/home/hospital/hospital_ws/build/yolo_node', 'catkin_cmake_args': None, 'catkin_skip_building_tests': False, 'cmake_args': None, 'cmake_clean_cache': False, 'cmake_clean_first': False, 'cmake_force_configure': False, 'cmake_target': None, 'cmake_target_skip_unavailable': False, 'install_base': '/home/hospital/hospital_ws/install/yolo_node', 'merge_install': False, 'path': '/home/hospital/hospital_ws/yolo_node', 'symlink_install': False, 'test_result_base': None}
[0.493s] Level 5:colcon.colcon_core.verb:set package 'yolo_node_pkg' build argument 'cmake_args' from command line to 'None'
[0.493s] Level 5:colcon.colcon_core.verb:set package 'yolo_node_pkg' build argument 'cmake_target' from command line to 'None'
[0.493s] Level 5:colcon.colcon_core.verb:set package 'yolo_node_pkg' build argument 'cmake_target_skip_unavailable' from command line to 'False'
[0.493s] Level 5:colcon.colcon_core.verb:set package 'yolo_node_pkg' build argument 'cmake_clean_cache' from command line to 'False'
[0.493s] Level 5:colcon.colcon_core.verb:set package 'yolo_node_pkg' build argument 'cmake_clean_first' from command line to 'False'
[0.493s] Level 5:colcon.colcon_core.verb:set package 'yolo_node_pkg' build argument 'cmake_force_configure' from command line to 'False'
[0.493s] Level 5:colcon.colcon_core.verb:set package 'yolo_node_pkg' build argument 'ament_cmake_args' from command line to 'None'
[0.493s] Level 5:colcon.colcon_core.verb:set package 'yolo_node_pkg' build argument 'catkin_cmake_args' from command line to 'None'
[0.493s] Level 5:colcon.colcon_core.verb:set package 'yolo_node_pkg' build argument 'catkin_skip_building_tests' from command line to 'False'
[0.493s] DEBUG:colcon.colcon_core.verb:Building package 'yolo_node_pkg' with the following arguments: {'ament_cmake_args': None, 'build_base': '/home/hospital/hospital_ws/build/yolo_node_pkg', 'catkin_cmake_args': None, 'catkin_skip_building_tests': False, 'cmake_args': None, 'cmake_clean_cache': False, 'cmake_clean_first': False, 'cmake_force_configure': False, 'cmake_target': None, 'cmake_target_skip_unavailable': False, 'install_base': '/home/hospital/hospital_ws/install/yolo_node_pkg', 'merge_install': False, 'path': '/home/hospital/hospital_ws/src/yolo_node_pkg', 'symlink_install': False, 'test_result_base': None}
[0.494s] INFO:colcon.colcon_core.executor:Executing jobs using 'parallel' executor
[0.494s] DEBUG:colcon.colcon_parallel_executor.executor.parallel:run_until_complete
[0.494s] INFO:colcon.colcon_ros.task.ament_python.build:Building ROS package in '/home/hospital/hospital_ws/src/hospital_vision' with build type 'ament_python'
[0.494s] Level 1:colcon.colcon_core.shell:create_environment_hook('hospital_vision', 'ament_prefix_path')
[0.499s] INFO:colcon.colcon_core.plugin_system:Skipping extension 'colcon_core.shell.bat': Not used on non-Windows systems
[0.499s] INFO:colcon.colcon_core.shell:Creating environment hook '/home/hospital/hospital_ws/install/hospital_vision/share/hospital_vision/hook/ament_prefix_path.ps1'
[0.500s] INFO:colcon.colcon_core.shell:Creating environment descriptor '/home/hospital/hospital_ws/install/hospital_vision/share/hospital_vision/hook/ament_prefix_path.dsv'
[0.500s] INFO:colcon.colcon_core.shell:Creating environment hook '/home/hospital/hospital_ws/install/hospital_vision/share/hospital_vision/hook/ament_prefix_path.sh'
[0.501s] INFO:colcon.colcon_core.shell:Skip shell extension 'powershell' for command environment: Not usable outside of PowerShell
[0.501s] DEBUG:colcon.colcon_core.shell:Skip shell extension 'dsv' for command environment
[0.503s] INFO:colcon.colcon_ros.task.ament_python.build:Building ROS package in '/home/hospital/hospital_ws/yolo_node' with build type 'ament_python'
[0.503s] Level 1:colcon.colcon_core.shell:create_environment_hook('yolo_node', 'ament_prefix_path')
[0.503s] INFO:colcon.colcon_core.shell:Creating environment hook '/home/hospital/hospital_ws/install/yolo_node/share/yolo_node/hook/ament_prefix_path.ps1'
[0.504s] INFO:colcon.colcon_core.shell:Creating environment descriptor '/home/hospital/hospital_ws/install/yolo_node/share/yolo_node/hook/ament_prefix_path.dsv'
[0.504s] INFO:colcon.colcon_core.shell:Creating environment hook '/home/hospital/hospital_ws/install/yolo_node/share/yolo_node/hook/ament_prefix_path.sh'
[0.504s] INFO:colcon.colcon_core.shell:Skip shell extension 'powershell' for command environment: Not usable outside of PowerShell
[0.504s] DEBUG:colcon.colcon_core.shell:Skip shell extension 'dsv' for command environment
[0.506s] INFO:colcon.colcon_ros.task.ament_python.build:Building ROS package in '/home/hospital/hospital_ws/src/yolo_node_pkg' with build type 'ament_python'
[0.506s] Level 1:colcon.colcon_core.shell:create_environment_hook('yolo_node_pkg', 'ament_prefix_path')
[0.506s] INFO:colcon.colcon_core.shell:Creating environment hook '/home/hospital/hospital_ws/install/yolo_node_pkg/share/yolo_node_pkg/hook/ament_prefix_path.ps1'
[0.506s] INFO:colcon.colcon_core.shell:Creating environment descriptor '/home/hospital/hospital_ws/install/yolo_node_pkg/share/yolo_node_pkg/hook/ament_prefix_path.dsv'
[0.507s] INFO:colcon.colcon_core.shell:Creating environment hook '/home/hospital/hospital_ws/install/yolo_node_pkg/share/yolo_node_pkg/hook/ament_prefix_path.sh'
[0.507s] INFO:colcon.colcon_core.shell:Skip shell extension 'powershell' for command environment: Not usable outside of PowerShell
[0.507s] DEBUG:colcon.colcon_core.shell:Skip shell extension 'dsv' for command environment
[0.680s] INFO:colcon.colcon_core.task.python.build:Building Python package in '/home/hospital/hospital_ws/src/hospital_vision'
[0.680s] INFO:colcon.colcon_core.shell:Skip shell extension 'powershell' for command environment: Not usable outside of PowerShell
[0.680s] DEBUG:colcon.colcon_core.shell:Skip shell extension 'dsv' for command environment
[0.853s] INFO:colcon.colcon_core.task.python.build:Building Python package in '/home/hospital/hospital_ws/yolo_node'
[0.853s] INFO:colcon.colcon_core.shell:Skip shell extension 'powershell' for command environment: Not usable outside of PowerShell
[0.853s] DEBUG:colcon.colcon_core.shell:Skip shell extension 'dsv' for command environment
[1.025s] INFO:colcon.colcon_core.task.python.build:Building Python package in '/home/hospital/hospital_ws/src/yolo_node_pkg'
[1.026s] INFO:colcon.colcon_core.shell:Skip shell extension 'powershell' for command environment: Not usable outside of PowerShell
[1.026s] DEBUG:colcon.colcon_core.shell:Skip shell extension 'dsv' for command environment
[1.285s] DEBUG:colcon.colcon_core.event_handler.log_command:Invoking command in '/home/hospital/hospital_ws/src/yolo_node_pkg': PYTHONPATH=/home/hospital/hospital_ws/build/yolo_node_pkg/prefix_override:/usr/lib/python3/dist-packages/colcon_core/task/python/colcon_distutils_commands:/home/hospital/hospital_ws/install/yolo_node_pkg/lib/python3.10/site-packages:${PYTHONPATH} /usr/bin/python3 -W ignore:setup.py install is deprecated -W ignore:easy_install command is deprecated setup.py egg_info --egg-base ../../build/yolo_node_pkg build --build-base /home/hospital/hospital_ws/build/yolo_node_pkg/build install --record /home/hospital/hospital_ws/build/yolo_node_pkg/install.log --single-version-externally-managed install_data
[1.290s] DEBUG:colcon.colcon_core.event_handler.log_command:Invoking command in '/home/hospital/hospital_ws/yolo_node': PYTHONPATH=/home/hospital/hospital_ws/build/yolo_node/prefix_override:/usr/lib/python3/dist-packages/colcon_core/task/python/colcon_distutils_commands:/home/hospital/hospital_ws/install/yolo_node/lib/python3.10/site-packages:${PYTHONPATH} /usr/bin/python3 -W ignore:setup.py install is deprecated -W ignore:easy_install command is deprecated setup.py egg_info --egg-base ../build/yolo_node build --build-base /home/hospital/hospital_ws/build/yolo_node/build install --record /home/hospital/hospital_ws/build/yolo_node/install.log --single-version-externally-managed install_data
[1.291s] DEBUG:colcon.colcon_core.event_handler.log_command:Invoking command in '/home/hospital/hospital_ws/src/hospital_vision': PYTHONPATH=/home/hospital/hospital_ws/build/hospital_vision/prefix_override:/usr/lib/python3/dist-packages/colcon_core/task/python/colcon_distutils_commands:/home/hospital/hospital_ws/install/hospital_vision/lib/python3.10/site-packages:${PYTHONPATH} /usr/bin/python3 -W ignore:setup.py install is deprecated -W ignore:easy_install command is deprecated setup.py egg_info --egg-base ../../build/hospital_vision build --build-base /home/hospital/hospital_ws/build/hospital_vision/build install --record /home/hospital/hospital_ws/build/hospital_vision/install.log --single-version-externally-managed install_data
[1.453s] DEBUG:colcon.colcon_core.event_handler.log_command:Invoked command in '/home/hospital/hospital_ws/yolo_node' returned '0': PYTHONPATH=/home/hospital/hospital_ws/build/yolo_node/prefix_override:/usr/lib/python3/dist-packages/colcon_core/task/python/colcon_distutils_commands:/home/hospital/hospital_ws/install/yolo_node/lib/python3.10/site-packages:${PYTHONPATH} /usr/bin/python3 -W ignore:setup.py install is deprecated -W ignore:easy_install command is deprecated setup.py egg_info --egg-base ../build/yolo_node build --build-base /home/hospital/hospital_ws/build/yolo_node/build install --record /home/hospital/hospital_ws/build/yolo_node/install.log --single-version-externally-managed install_data
[1.458s] Level 1:colcon.colcon_core.environment:checking '/home/hospital/hospital_ws/install/yolo_node' for CMake module files
[1.458s] Level 1:colcon.colcon_core.environment:checking '/home/hospital/hospital_ws/install/yolo_node' for CMake config files
[1.458s] Level 1:colcon.colcon_core.environment:checking '/home/hospital/hospital_ws/install/yolo_node/lib'
[1.458s] Level 1:colcon.colcon_core.environment:checking '/home/hospital/hospital_ws/install/yolo_node/bin'
[1.458s] Level 1:colcon.colcon_core.environment:checking '/home/hospital/hospital_ws/install/yolo_node/lib/pkgconfig/yolo_node.pc'
[1.459s] Level 1:colcon.colcon_core.environment:checking '/home/hospital/hospital_ws/install/yolo_node/lib/python3.10/site-packages'
[1.459s] Level 1:colcon.colcon_core.shell:create_environment_hook('yolo_node', 'pythonpath')
[1.459s] INFO:colcon.colcon_core.shell:Creating environment hook '/home/hospital/hospital_ws/install/yolo_node/share/yolo_node/hook/pythonpath.ps1'
[1.459s] INFO:colcon.colcon_core.shell:Creating environment descriptor '/home/hospital/hospital_ws/install/yolo_node/share/yolo_node/hook/pythonpath.dsv'
[1.459s] INFO:colcon.colcon_core.shell:Creating environment hook '/home/hospital/hospital_ws/install/yolo_node/share/yolo_node/hook/pythonpath.sh'
[1.460s] Level 1:colcon.colcon_core.environment:checking '/home/hospital/hospital_ws/install/yolo_node/bin'
[1.460s] Level 1:colcon.colcon_core.environment:create_environment_scripts_only(yolo_node)
[1.460s] INFO:colcon.colcon_core.shell:Creating package script '/home/hospital/hospital_ws/install/yolo_node/share/yolo_node/package.ps1'
[1.461s] INFO:colcon.colcon_core.shell:Creating package descriptor '/home/hospital/hospital_ws/install/yolo_node/share/yolo_node/package.dsv'
[1.461s] INFO:colcon.colcon_core.shell:Creating package script '/home/hospital/hospital_ws/install/yolo_node/share/yolo_node/package.sh'
[1.462s] INFO:colcon.colcon_core.shell:Creating package script '/home/hospital/hospital_ws/install/yolo_node/share/yolo_node/package.bash'
[1.463s] INFO:colcon.colcon_core.shell:Creating package script '/home/hospital/hospital_ws/install/yolo_node/share/yolo_node/package.zsh'
[1.463s] Level 1:colcon.colcon_core.environment:create_file_with_runtime_dependencies(/home/hospital/hospital_ws/install/yolo_node/share/colcon-core/packages/yolo_node)
[1.483s] Level 1:colcon.colcon_core.environment:checking '/home/hospital/hospital_ws/install/yolo_node_pkg' for CMake module files
[1.483s] DEBUG:colcon.colcon_core.event_handler.log_command:Invoked command in '/home/hospital/hospital_ws/src/yolo_node_pkg' returned '0': PYTHONPATH=/home/hospital/hospital_ws/build/yolo_node_pkg/prefix_override:/usr/lib/python3/dist-packages/colcon_core/task/python/colcon_distutils_commands:/home/hospital/hospital_ws/install/yolo_node_pkg/lib/python3.10/site-packages:${PYTHONPATH} /usr/bin/python3 -W ignore:setup.py install is deprecated -W ignore:easy_install command is deprecated setup.py egg_info --egg-base ../../build/yolo_node_pkg build --build-base /home/hospital/hospital_ws/build/yolo_node_pkg/build install --record /home/hospital/hospital_ws/build/yolo_node_pkg/install.log --single-version-externally-managed install_data
[1.483s] Level 1:colcon.colcon_core.environment:checking '/home/hospital/hospital_ws/install/yolo_node_pkg' for CMake config files
[1.484s] Level 1:colcon.colcon_core.environment:checking '/home/hospital/hospital_ws/install/yolo_node_pkg/lib'
[1.484s] Level 1:colcon.colcon_core.environment:checking '/home/hospital/hospital_ws/install/yolo_node_pkg/bin'
[1.484s] Level 1:colcon.colcon_core.environment:checking '/home/hospital/hospital_ws/install/yolo_node_pkg/lib/pkgconfig/yolo_node_pkg.pc'
[1.484s] Level 1:colcon.colcon_core.environment:checking '/home/hospital/hospital_ws/install/yolo_node_pkg/lib/python3.10/site-packages'
[1.484s] Level 1:colcon.colcon_core.shell:create_environment_hook('yolo_node_pkg', 'pythonpath')
[1.484s] INFO:colcon.colcon_core.shell:Creating environment hook '/home/hospital/hospital_ws/install/yolo_node_pkg/share/yolo_node_pkg/hook/pythonpath.ps1'
[1.485s] INFO:colcon.colcon_core.shell:Creating environment descriptor '/home/hospital/hospital_ws/install/yolo_node_pkg/share/yolo_node_pkg/hook/pythonpath.dsv'
[1.485s] INFO:colcon.colcon_core.shell:Creating environment hook '/home/hospital/hospital_ws/install/yolo_node_pkg/share/yolo_node_pkg/hook/pythonpath.sh'
[1.486s] Level 1:colcon.colcon_core.environment:checking '/home/hospital/hospital_ws/install/yolo_node_pkg/bin'
[1.486s] Level 1:colcon.colcon_core.environment:create_environment_scripts_only(yolo_node_pkg)
[1.486s] INFO:colcon.colcon_core.shell:Creating package script '/home/hospital/hospital_ws/install/yolo_node_pkg/share/yolo_node_pkg/package.ps1'
[1.486s] INFO:colcon.colcon_core.shell:Creating package descriptor '/home/hospital/hospital_ws/install/yolo_node_pkg/share/yolo_node_pkg/package.dsv'
[1.487s] INFO:colcon.colcon_core.shell:Creating package script '/home/hospital/hospital_ws/install/yolo_node_pkg/share/yolo_node_pkg/package.sh'
[1.487s] INFO:colcon.colcon_core.shell:Creating package script '/home/hospital/hospital_ws/install/yolo_node_pkg/share/yolo_node_pkg/package.bash'
[1.487s] INFO:colcon.colcon_core.shell:Creating package script '/home/hospital/hospital_ws/install/yolo_node_pkg/share/yolo_node_pkg/package.zsh'
[1.487s] Level 1:colcon.colcon_core.environment:create_file_with_runtime_dependencies(/home/hospital/hospital_ws/install/yolo_node_pkg/share/colcon-core/packages/yolo_node_pkg)
[1.488s] Level 1:colcon.colcon_core.environment:checking '/home/hospital/hospital_ws/install/hospital_vision' for CMake module files
[1.489s] DEBUG:colcon.colcon_core.event_handler.log_command:Invoked command in '/home/hospital/hospital_ws/src/hospital_vision' returned '0': PYTHONPATH=/home/hospital/hospital_ws/build/hospital_vision/prefix_override:/usr/lib/python3/dist-packages/colcon_core/task/python/colcon_distutils_commands:/home/hospital/hospital_ws/install/hospital_vision/lib/python3.10/site-packages:${PYTHONPATH} /usr/bin/python3 -W ignore:setup.py install is deprecated -W ignore:easy_install command is deprecated setup.py egg_info --egg-base ../../build/hospital_vision build --build-base /home/hospital/hospital_ws/build/hospital_vision/build install --record /home/hospital/hospital_ws/build/hospital_vision/install.log --single-version-externally-managed install_data
[1.489s] Level 1:colcon.colcon_core.environment:checking '/home/hospital/hospital_ws/install/hospital_vision' for CMake config files
[1.489s] Level 1:colcon.colcon_core.environment:checking '/home/hospital/hospital_ws/install/hospital_vision/lib'
[1.489s] Level 1:colcon.colcon_core.environment:checking '/home/hospital/hospital_ws/install/hospital_vision/bin'
[1.489s] Level 1:colcon.colcon_core.environment:checking '/home/hospital/hospital_ws/install/hospital_vision/lib/pkgconfig/hospital_vision.pc'
[1.489s] Level 1:colcon.colcon_core.environment:checking '/home/hospital/hospital_ws/install/hospital_vision/lib/python3.10/site-packages'
[1.489s] Level 1:colcon.colcon_core.shell:create_environment_hook('hospital_vision', 'pythonpath')
[1.490s] INFO:colcon.colcon_core.shell:Creating environment hook '/home/hospital/hospital_ws/install/hospital_vision/share/hospital_vision/hook/pythonpath.ps1'
[1.490s] INFO:colcon.colcon_core.shell:Creating environment descriptor '/home/hospital/hospital_ws/install/hospital_vision/share/hospital_vision/hook/pythonpath.dsv'
[1.490s] INFO:colcon.colcon_core.shell:Creating environment hook '/home/hospital/hospital_ws/install/hospital_vision/share/hospital_vision/hook/pythonpath.sh'
[1.491s] Level 1:colcon.colcon_core.environment:checking '/home/hospital/hospital_ws/install/hospital_vision/bin'
[1.491s] Level 1:colcon.colcon_core.environment:create_environment_scripts_only(hospital_vision)
[1.491s] INFO:colcon.colcon_core.shell:Creating package script '/home/hospital/hospital_ws/install/hospital_vision/share/hospital_vision/package.ps1'
[1.491s] INFO:colcon.colcon_core.shell:Creating package descriptor '/home/hospital/hospital_ws/install/hospital_vision/share/hospital_vision/package.dsv'
[1.492s] INFO:colcon.colcon_core.shell:Creating package script '/home/hospital/hospital_ws/install/hospital_vision/share/hospital_vision/package.sh'
[1.492s] INFO:colcon.colcon_core.shell:Creating package script '/home/hospital/hospital_ws/install/hospital_vision/share/hospital_vision/package.bash'
[1.492s] INFO:colcon.colcon_core.shell:Creating package script '/home/hospital/hospital_ws/install/hospital_vision/share/hospital_vision/package.zsh'
[1.492s] Level 1:colcon.colcon_core.environment:create_file_with_runtime_dependencies(/home/hospital/hospital_ws/install/hospital_vision/share/colcon-core/packages/hospital_vision)
[1.492s] DEBUG:colcon.colcon_parallel_executor.executor.parallel:closing loop
[1.493s] DEBUG:colcon.colcon_parallel_executor.executor.parallel:loop closed
[1.493s] DEBUG:colcon.colcon_parallel_executor.executor.parallel:run_until_complete finished with '0'
[1.493s] DEBUG:colcon.colcon_core.event_reactor:joining thread
[1.497s] INFO:colcon.colcon_core.plugin_system:Skipping extension 'colcon_notification.desktop_notification.terminal_notifier': Not used on non-Darwin systems
[1.497s] INFO:colcon.colcon_core.plugin_system:Skipping extension 'colcon_notification.desktop_notification.win32': Not used on non-Windows systems
[1.497s] INFO:colcon.colcon_notification.desktop_notification:Sending desktop notification using 'notify2'
[1.510s] DEBUG:colcon.colcon_core.event_reactor:joined thread
[1.511s] INFO:colcon.colcon_core.shell:Creating prefix script '/home/hospital/hospital_ws/install/local_setup.ps1'
[1.511s] INFO:colcon.colcon_core.shell:Creating prefix util module '/home/hospital/hospital_ws/install/_local_setup_util_ps1.py'
[1.513s] INFO:colcon.colcon_core.shell:Creating prefix chain script '/home/hospital/hospital_ws/install/setup.ps1'
[1.514s] INFO:colcon.colcon_core.shell:Creating prefix script '/home/hospital/hospital_ws/install/local_setup.sh'
[1.514s] INFO:colcon.colcon_core.shell:Creating prefix util module '/home/hospital/hospital_ws/install/_local_setup_util_sh.py'
[1.515s] INFO:colcon.colcon_core.shell:Creating prefix chain script '/home/hospital/hospital_ws/install/setup.sh'
[1.515s] INFO:colcon.colcon_core.shell:Creating prefix script '/home/hospital/hospital_ws/install/local_setup.bash'
[1.516s] INFO:colcon.colcon_core.shell:Creating prefix chain script '/home/hospital/hospital_ws/install/setup.bash'
[1.517s] INFO:colcon.colcon_core.shell:Creating prefix script '/home/hospital/hospital_ws/install/local_setup.zsh'
[1.517s] INFO:colcon.colcon_core.shell:Creating prefix chain script '/home/hospital/hospital_ws/install/setup.zsh'
