-- The C compiler identification is GNU 11.4.0
-- The CXX compiler identification is GNU 11.4.0
-- Detecting C compiler ABI info
-- Detecting C compiler ABI info - done
-- Check for working C compiler: /usr/bin/cc - skipped
-- Detecting C compile features
-- Detecting C compile features - done
-- Detecting CXX compiler ABI info
-- Detecting CXX compiler ABI info - done
-- Check for working CXX compiler: /usr/bin/c++ - skipped
-- Detecting CXX compile features
-- Detecting CXX compile features - done
-- Found ament_cmake: 1.3.14 (/opt/ros/humble/share/ament_cmake/cmake)
-- Found Python3: /usr/bin/python3 (found version "3.10.12") found components: Interpreter
-- Found rclcpp: 16.0.19 (/opt/ros/humble/share/rclcpp/cmake)
-- Found rosidl_generator_c: 3.1.8 (/opt/ros/humble/share/rosidl_generator_c/cmake)
-- Found rosidl_adapter: 3.1.8 (/opt/ros/humble/share/rosidl_adapter/cmake)
-- Found rosidl_generator_cpp: 3.1.8 (/opt/ros/humble/share/rosidl_generator_cpp/cmake)
-- Using all available rosidl_typesupport_c: rosidl_typesupport_fastrtps_c;rosidl_typesupport_introspection_c
-- Using all available rosidl_typesupport_cpp: rosidl_typesupport_fastrtps_cpp;rosidl_typesupport_introspection_cpp
-- Found rmw_implementation_cmake: 6.1.2 (/opt/ros/humble/share/rmw_implementation_cmake/cmake)
-- Found rmw_fastrtps_cpp: 6.2.10 (/opt/ros/humble/share/rmw_fastrtps_cpp/cmake)
-- Found OpenSSL: /usr/lib/x86_64-linux-gnu/libcrypto.so (found version "3.0.2")
-- Found FastRTPS: /opt/ros/humble/include
-- Using RMW implementation 'rmw_fastrtps_cpp' as default
-- Performing Test CMAKE_HAVE_LIBC_PTHREAD
-- Performing Test CMAKE_HAVE_LIBC_PTHREAD - Success
-- Found Threads: TRUE
-- Found geometry_msgs: 4.9.1 (/opt/ros/humble/share/geometry_msgs/cmake)
-- Found sensor_msgs: 4.9.1 (/opt/ros/humble/share/sensor_msgs/cmake)
-- Performing Test HAVE_STDATOMIC
-- Performing Test HAVE_STDATOMIC - Success
-- Found WrapAtomic: TRUE
-- Found OpenGL: /usr/lib/x86_64-linux-gnu/libOpenGL.so
-- Found WrapOpenGL: TRUE
-- Found XKB: /usr/lib/x86_64-linux-gnu/libxkbcommon.so (found suitable version "1.4.0", minimum required is "0.5.0")
-- Found WrapVulkanHeaders: /usr/include
-- Configuring done (1.2s)
-- Generating done (0.0s)
-- Build files have been written to: /home/ubuntu/ros2_ws/build/mini_project_hp
[  0%] Built target mini_project_hp_autogen_timestamp_deps
[ 12%] [34m[1mAutomatic MOC and UIC for target mini_project_hp[0m
[ 12%] Built target mini_project_hp_autogen
[ 25%] [34m[1mAutomatic RCC for resources.qrc[0m
[ 37%] [32mBuilding CXX object CMakeFiles/mini_project_hp.dir/mini_project_hp_autogen/mocs_compilation.cpp.o[0m
[ 50%] [32mBuilding CXX object CMakeFiles/mini_project_hp.dir/src/mainwindow.cpp.o[0m
[ 62%] [32mBuilding CXX object CMakeFiles/mini_project_hp.dir/src/main.cpp.o[0m
[ 75%] [32mBuilding CXX object CMakeFiles/mini_project_hp.dir/mini_project_hp_autogen/EWIEGA46WW/qrc_resources.cpp.o[0m
[ 87%] [32m[1mLinking CXX executable mini_project_hp[0m
[100%] Built target mini_project_hp
-- Install configuration: ""
-- Installing: /home/ubuntu/ros2_ws/install/mini_project_hp/lib/mini_project_hp/mini_project_hp
-- Set non-toolchain portion of runtime path of "/home/ubuntu/ros2_ws/install/mini_project_hp/lib/mini_project_hp/mini_project_hp" to ""
-- Installing: /home/ubuntu/ros2_ws/install/mini_project_hp/share/ament_index/resource_index/package_run_dependencies/mini_project_hp
-- Installing: /home/ubuntu/ros2_ws/install/mini_project_hp/share/ament_index/resource_index/parent_prefix_path/mini_project_hp
-- Installing: /home/ubuntu/ros2_ws/install/mini_project_hp/share/mini_project_hp/environment/ament_prefix_path.sh
-- Installing: /home/ubuntu/ros2_ws/install/mini_project_hp/share/mini_project_hp/environment/ament_prefix_path.dsv
-- Installing: /home/ubuntu/ros2_ws/install/mini_project_hp/share/mini_project_hp/environment/path.sh
-- Installing: /home/ubuntu/ros2_ws/install/mini_project_hp/share/mini_project_hp/environment/path.dsv
-- Installing: /home/ubuntu/ros2_ws/install/mini_project_hp/share/mini_project_hp/local_setup.bash
-- Installing: /home/ubuntu/ros2_ws/install/mini_project_hp/share/mini_project_hp/local_setup.sh
-- Installing: /home/ubuntu/ros2_ws/install/mini_project_hp/share/mini_project_hp/local_setup.zsh
-- Installing: /home/ubuntu/ros2_ws/install/mini_project_hp/share/mini_project_hp/local_setup.dsv
-- Installing: /home/ubuntu/ros2_ws/install/mini_project_hp/share/mini_project_hp/package.dsv
-- Installing: /home/ubuntu/ros2_ws/install/mini_project_hp/share/ament_index/resource_index/packages/mini_project_hp
-- Installing: /home/ubuntu/ros2_ws/install/mini_project_hp/share/mini_project_hp/cmake/mini_project_hpConfig.cmake
-- Installing: /home/ubuntu/ros2_ws/install/mini_project_hp/share/mini_project_hp/cmake/mini_project_hpConfig-version.cmake
-- Installing: /home/ubuntu/ros2_ws/install/mini_project_hp/share/mini_project_hp/package.xml
