[0.664s] Invoking command in '/home/hospital/hospital-ism/hospital_ws/yolo_node': PYTHONPATH=/home/hospital/hospital-ism/hospital_ws/build/yolo_node/prefix_override:/usr/lib/python3/dist-packages/colcon_core/task/python/colcon_distutils_commands:/home/hospital/hospital-ism/hospital_ws/install/yolo_node/lib/python3.10/site-packages:${PYTHONPATH} /usr/bin/python3 -W ignore:setup.py install is deprecated -W ignore:easy_install command is deprecated setup.py egg_info --egg-base ../build/yolo_node build --build-base /home/hospital/hospital-ism/hospital_ws/build/yolo_node/build install --record /home/hospital/hospital-ism/hospital_ws/build/yolo_node/install.log --single-version-externally-managed install_data
[0.804s] running egg_info
[0.804s] writing ../build/yolo_node/yolo_node.egg-info/PKG-INFO
[0.805s] writing dependency_links to ../build/yolo_node/yolo_node.egg-info/dependency_links.txt
[0.805s] writing entry points to ../build/yolo_node/yolo_node.egg-info/entry_points.txt
[0.805s] writing requirements to ../build/yolo_node/yolo_node.egg-info/requires.txt
[0.805s] writing top-level names to ../build/yolo_node/yolo_node.egg-info/top_level.txt
[0.806s] reading manifest file '../build/yolo_node/yolo_node.egg-info/SOURCES.txt'
[0.806s] writing manifest file '../build/yolo_node/yolo_node.egg-info/SOURCES.txt'
[0.806s] running build
[0.807s] running build_py
[0.807s] copying yolo_node/yolo_node.py -> /home/hospital/hospital-ism/hospital_ws/build/yolo_node/build/lib/yolo_node
[0.807s] running install
[0.807s] running install_lib
[0.807s] copying /home/hospital/hospital-ism/hospital_ws/build/yolo_node/build/lib/yolo_node/yolo_node.py -> /home/hospital/hospital-ism/hospital_ws/install/yolo_node/lib/python3.10/site-packages/yolo_node
[0.808s] byte-compiling /home/hospital/hospital-ism/hospital_ws/install/yolo_node/lib/python3.10/site-packages/yolo_node/yolo_node.py to yolo_node.cpython-310.pyc
[0.808s] running install_data
[0.808s] running install_egg_info
[0.809s] removing '/home/hospital/hospital-ism/hospital_ws/install/yolo_node/lib/python3.10/site-packages/yolo_node-0.0.0-py3.10.egg-info' (and everything under it)
[0.809s] Copying ../build/yolo_node/yolo_node.egg-info to /home/hospital/hospital-ism/hospital_ws/install/yolo_node/lib/python3.10/site-packages/yolo_node-0.0.0-py3.10.egg-info
[0.810s] running install_scripts
[0.823s] Installing yolo_node script to /home/hospital/hospital-ism/hospital_ws/install/yolo_node/lib/yolo_node
[0.823s] writing list of installed files to '/home/hospital/hospital-ism/hospital_ws/build/yolo_node/install.log'
[0.842s] Invoked command in '/home/hospital/hospital-ism/hospital_ws/yolo_node' returned '0': PYTHONPATH=/home/hospital/hospital-ism/hospital_ws/build/yolo_node/prefix_override:/usr/lib/python3/dist-packages/colcon_core/task/python/colcon_distutils_commands:/home/hospital/hospital-ism/hospital_ws/install/yolo_node/lib/python3.10/site-packages:${PYTHONPATH} /usr/bin/python3 -W ignore:setup.py install is deprecated -W ignore:easy_install command is deprecated setup.py egg_info --egg-base ../build/yolo_node build --build-base /home/hospital/hospital-ism/hospital_ws/build/yolo_node/build install --record /home/hospital/hospital-ism/hospital_ws/build/yolo_node/install.log --single-version-externally-managed install_data
