[0.640s] Invoking command in '/home/hospital/hospital_ws/build/yolo_node_pkg': PYTHONPATH=/home/hospital/hospital_ws/build/yolo_node_pkg/prefix_override:/usr/lib/python3/dist-packages/colcon_core/task/python/colcon_distutils_commands:/home/hospital/hospital_ws/install/yolo_node_pkg/lib/python3.10/site-packages:${PYTHONPATH} /usr/bin/python3 -W ignore:setup.py install is deprecated -W ignore:easy_install command is deprecated setup.py develop --uninstall --editable --build-directory /home/hospital/hospital_ws/build/yolo_node_pkg/build
[0.789s] running develop
[0.873s] Removing /home/hospital/hospital_ws/install/yolo_node_pkg/lib/python3.10/site-packages/yolo-node-pkg.egg-link (link to .)
[0.893s] Invoked command in '/home/hospital/hospital_ws/build/yolo_node_pkg' returned '0': PYTHONPATH=/home/hospital/hospital_ws/build/yolo_node_pkg/prefix_override:/usr/lib/python3/dist-packages/colcon_core/task/python/colcon_distutils_commands:/home/hospital/hospital_ws/install/yolo_node_pkg/lib/python3.10/site-packages:${PYTHONPATH} /usr/bin/python3 -W ignore:setup.py install is deprecated -W ignore:easy_install command is deprecated setup.py develop --uninstall --editable --build-directory /home/hospital/hospital_ws/build/yolo_node_pkg/build
[0.896s] Invoking command in '/home/hospital/hospital_ws/src/yolo_node_pkg': PYTHONPATH=/home/hospital/hospital_ws/build/yolo_node_pkg/prefix_override:/usr/lib/python3/dist-packages/colcon_core/task/python/colcon_distutils_commands:/home/hospital/hospital_ws/install/yolo_node_pkg/lib/python3.10/site-packages:${PYTHONPATH} /usr/bin/python3 -W ignore:setup.py install is deprecated -W ignore:easy_install command is deprecated setup.py egg_info --egg-base ../../build/yolo_node_pkg build --build-base /home/hospital/hospital_ws/build/yolo_node_pkg/build install --record /home/hospital/hospital_ws/build/yolo_node_pkg/install.log --single-version-externally-managed install_data --force
[1.030s] running egg_info
[1.030s] writing ../../build/yolo_node_pkg/yolo_node_pkg.egg-info/PKG-INFO
[1.030s] writing dependency_links to ../../build/yolo_node_pkg/yolo_node_pkg.egg-info/dependency_links.txt
[1.031s] writing entry points to ../../build/yolo_node_pkg/yolo_node_pkg.egg-info/entry_points.txt
[1.031s] writing requirements to ../../build/yolo_node_pkg/yolo_node_pkg.egg-info/requires.txt
[1.031s] writing top-level names to ../../build/yolo_node_pkg/yolo_node_pkg.egg-info/top_level.txt
[1.032s] reading manifest file '../../build/yolo_node_pkg/yolo_node_pkg.egg-info/SOURCES.txt'
[1.032s] writing manifest file '../../build/yolo_node_pkg/yolo_node_pkg.egg-info/SOURCES.txt'
[1.032s] running build
[1.032s] running build_py
[1.032s] creating /home/hospital/hospital_ws/build/yolo_node_pkg/build
[1.032s] creating /home/hospital/hospital_ws/build/yolo_node_pkg/build/lib
[1.032s] creating /home/hospital/hospital_ws/build/yolo_node_pkg/build/lib/yolo_node_pkg
[1.032s] copying yolo_node_pkg/__init__.py -> /home/hospital/hospital_ws/build/yolo_node_pkg/build/lib/yolo_node_pkg
[1.032s] copying yolo_node_pkg/yolo_node.py -> /home/hospital/hospital_ws/build/yolo_node_pkg/build/lib/yolo_node_pkg
[1.032s] running install
[1.033s] running install_lib
[1.033s] creating /home/hospital/hospital_ws/install/yolo_node_pkg/lib/python3.10/site-packages/yolo_node_pkg
[1.034s] copying /home/hospital/hospital_ws/build/yolo_node_pkg/build/lib/yolo_node_pkg/__init__.py -> /home/hospital/hospital_ws/install/yolo_node_pkg/lib/python3.10/site-packages/yolo_node_pkg
[1.034s] copying /home/hospital/hospital_ws/build/yolo_node_pkg/build/lib/yolo_node_pkg/yolo_node.py -> /home/hospital/hospital_ws/install/yolo_node_pkg/lib/python3.10/site-packages/yolo_node_pkg
[1.034s] byte-compiling /home/hospital/hospital_ws/install/yolo_node_pkg/lib/python3.10/site-packages/yolo_node_pkg/__init__.py to __init__.cpython-310.pyc
[1.034s] byte-compiling /home/hospital/hospital_ws/install/yolo_node_pkg/lib/python3.10/site-packages/yolo_node_pkg/yolo_node.py to yolo_node.cpython-310.pyc
[1.034s] running install_data
[1.034s] copying resource/yolo_node_pkg -> /home/hospital/hospital_ws/install/yolo_node_pkg/share/ament_index/resource_index/packages
[1.034s] copying package.xml -> /home/hospital/hospital_ws/install/yolo_node_pkg/share/yolo_node_pkg
[1.034s] running install_egg_info
[1.035s] Copying ../../build/yolo_node_pkg/yolo_node_pkg.egg-info to /home/hospital/hospital_ws/install/yolo_node_pkg/lib/python3.10/site-packages/yolo_node_pkg-0.0.0-py3.10.egg-info
[1.036s] running install_scripts
[1.048s] Installing yolo_node script to /home/hospital/hospital_ws/install/yolo_node_pkg/lib/yolo_node_pkg
[1.049s] writing list of installed files to '/home/hospital/hospital_ws/build/yolo_node_pkg/install.log'
[1.065s] Invoked command in '/home/hospital/hospital_ws/src/yolo_node_pkg' returned '0': PYTHONPATH=/home/hospital/hospital_ws/build/yolo_node_pkg/prefix_override:/usr/lib/python3/dist-packages/colcon_core/task/python/colcon_distutils_commands:/home/hospital/hospital_ws/install/yolo_node_pkg/lib/python3.10/site-packages:${PYTHONPATH} /usr/bin/python3 -W ignore:setup.py install is deprecated -W ignore:easy_install command is deprecated setup.py egg_info --egg-base ../../build/yolo_node_pkg build --build-base /home/hospital/hospital_ws/build/yolo_node_pkg/build install --record /home/hospital/hospital_ws/build/yolo_node_pkg/install.log --single-version-externally-managed install_data --force
