[0.480s] Invoking command in '/home/hospital/hospital_ws/build/yolo_node': PYTHONPATH=/home/hospital/hospital_ws/build/yolo_node/prefix_override:/usr/lib/python3/dist-packages/colcon_core/task/python/colcon_distutils_commands:/home/hospital/hospital_ws/install/yolo_node/lib/python3.10/site-packages:${PYTHONPATH} /usr/bin/python3 -W ignore:setup.py install is deprecated -W ignore:easy_install command is deprecated setup.py develop --editable --build-directory /home/hospital/hospital_ws/build/yolo_node/build --no-deps symlink_data
[0.626s] running develop
[0.706s] running egg_info
[0.706s] creating yolo_node.egg-info
[0.707s] writing yolo_node.egg-info/PKG-INFO
[0.707s] writing dependency_links to yolo_node.egg-info/dependency_links.txt
[0.707s] writing entry points to yolo_node.egg-info/entry_points.txt
[0.707s] writing requirements to yolo_node.egg-info/requires.txt
[0.707s] writing top-level names to yolo_node.egg-info/top_level.txt
[0.707s] writing manifest file 'yolo_node.egg-info/SOURCES.txt'
[0.708s] reading manifest file 'yolo_node.egg-info/SOURCES.txt'
[0.708s] writing manifest file 'yolo_node.egg-info/SOURCES.txt'
[0.709s] running build_ext
[0.709s] Creating /home/hospital/hospital_ws/install/yolo_node/lib/python3.10/site-packages/yolo-node.egg-link (link to .)
[0.710s] Installing yolo_node script to /home/hospital/hospital_ws/install/yolo_node/lib/yolo_node
[0.710s] 
[0.710s] Installed /home/hospital/hospital_ws/build/yolo_node
[0.710s] running symlink_data
[0.710s] creating /home/hospital/hospital_ws/install/yolo_node/share/ament_index
[0.710s] creating /home/hospital/hospital_ws/install/yolo_node/share/ament_index/resource_index
[0.710s] creating /home/hospital/hospital_ws/install/yolo_node/share/ament_index/resource_index/packages
[0.710s] symbolically linking /home/hospital/hospital_ws/build/yolo_node/resource/yolo_node -> /home/hospital/hospital_ws/install/yolo_node/share/ament_index/resource_index/packages
[0.710s] symbolically linking /home/hospital/hospital_ws/build/yolo_node/package.xml -> /home/hospital/hospital_ws/install/yolo_node/share/yolo_node
[0.727s] Invoked command in '/home/hospital/hospital_ws/build/yolo_node' returned '0': PYTHONPATH=/home/hospital/hospital_ws/build/yolo_node/prefix_override:/usr/lib/python3/dist-packages/colcon_core/task/python/colcon_distutils_commands:/home/hospital/hospital_ws/install/yolo_node/lib/python3.10/site-packages:${PYTHONPATH} /usr/bin/python3 -W ignore:setup.py install is deprecated -W ignore:easy_install command is deprecated setup.py develop --editable --build-directory /home/hospital/hospital_ws/build/yolo_node/build --no-deps symlink_data
