-- Found ament_cmake: 1.3.14 (/opt/ros/humble/share/ament_cmake/cmake)
-- Found rclcpp: 16.0.19 (/opt/ros/humble/share/rclcpp/cmake)
-- Found rosidl_generator_c: 3.1.8 (/opt/ros/humble/share/rosidl_generator_c/cmake)
-- Found rosidl_adapter: 3.1.8 (/opt/ros/humble/share/rosidl_adapter/cmake)
-- Found rosidl_generator_cpp: 3.1.8 (/opt/ros/humble/share/rosidl_generator_cpp/cmake)
-- Using all available rosidl_typesupport_c: rosidl_typesupport_fastrtps_c;rosidl_typesupport_introspection_c
-- Using all available rosidl_typesupport_cpp: rosidl_typesupport_fastrtps_cpp;rosidl_typesupport_introspection_cpp
-- Found rmw_implementation_cmake: 6.1.2 (/opt/ros/humble/share/rmw_implementation_cmake/cmake)
-- Found rmw_fastrtps_cpp: 6.2.10 (/opt/ros/humble/share/rmw_fastrtps_cpp/cmake)
-- Using RMW implementation 'rmw_fastrtps_cpp' as default
-- Found geometry_msgs: 4.9.1 (/opt/ros/humble/share/geometry_msgs/cmake)
-- Found sensor_msgs: 4.9.1 (/opt/ros/humble/share/sensor_msgs/cmake)
-- Configuring done (0.7s)
-- Generating done (0.0s)
-- Build files have been written to: /home/ubuntu/ros2_ws/build/mini_project_hp
[  0%] Built target mini_project_hp_autogen_timestamp_deps
[ 11%] [34m[1mAutomatic MOC and UIC for target mini_project_hp[0m
[ 11%] Built target mini_project_hp_autogen
[ 22%] [34m[1mAutomatic RCC for resources.qrc[0m
[ 33%] [32mBuilding CXX object CMakeFiles/mini_project_hp.dir/mini_project_hp_autogen/mocs_compilation.cpp.o[0m
[ 44%] [32mBuilding CXX object CMakeFiles/mini_project_hp.dir/src/mainwindow.cpp.o[0m
[ 55%] [32mBuilding CXX object CMakeFiles/mini_project_hp.dir/src/main.cpp.o[0m
[ 66%] [32mBuilding CXX object CMakeFiles/mini_project_hp.dir/src/ros_thread.cpp.o[0m
[ 77%] [32mBuilding CXX object CMakeFiles/mini_project_hp.dir/mini_project_hp_autogen/EWIEGA46WW/qrc_resources.cpp.o[0m
[ 88%] [32m[1mLinking CXX executable mini_project_hp[0m
[100%] Built target mini_project_hp
-- Install configuration: ""
-- Installing: /home/ubuntu/ros2_ws/install/mini_project_hp/lib/mini_project_hp/mini_project_hp
-- Set non-toolchain portion of runtime path of "/home/ubuntu/ros2_ws/install/mini_project_hp/lib/mini_project_hp/mini_project_hp" to ""
-- Installing: /home/ubuntu/ros2_ws/install/mini_project_hp/share/ament_index/resource_index/package_run_dependencies/mini_project_hp
-- Installing: /home/ubuntu/ros2_ws/install/mini_project_hp/share/ament_index/resource_index/parent_prefix_path/mini_project_hp
-- Installing: /home/ubuntu/ros2_ws/install/mini_project_hp/share/mini_project_hp/environment/ament_prefix_path.sh
-- Installing: /home/ubuntu/ros2_ws/install/mini_project_hp/share/mini_project_hp/environment/ament_prefix_path.dsv
-- Installing: /home/ubuntu/ros2_ws/install/mini_project_hp/share/mini_project_hp/environment/path.sh
-- Installing: /home/ubuntu/ros2_ws/install/mini_project_hp/share/mini_project_hp/environment/path.dsv
-- Installing: /home/ubuntu/ros2_ws/install/mini_project_hp/share/mini_project_hp/local_setup.bash
-- Installing: /home/ubuntu/ros2_ws/install/mini_project_hp/share/mini_project_hp/local_setup.sh
-- Installing: /home/ubuntu/ros2_ws/install/mini_project_hp/share/mini_project_hp/local_setup.zsh
-- Installing: /home/ubuntu/ros2_ws/install/mini_project_hp/share/mini_project_hp/local_setup.dsv
-- Installing: /home/ubuntu/ros2_ws/install/mini_project_hp/share/mini_project_hp/package.dsv
-- Installing: /home/ubuntu/ros2_ws/install/mini_project_hp/share/ament_index/resource_index/packages/mini_project_hp
-- Installing: /home/ubuntu/ros2_ws/install/mini_project_hp/share/mini_project_hp/cmake/mini_project_hpConfig.cmake
-- Installing: /home/ubuntu/ros2_ws/install/mini_project_hp/share/mini_project_hp/cmake/mini_project_hpConfig-version.cmake
-- Installing: /home/ubuntu/ros2_ws/install/mini_project_hp/share/mini_project_hp/package.xml
