[0.667s] Invoking command in '/home/hospital/hospital-ism/hospital_ws/src/yolo_node_pkg': PYTHONPATH=/home/hospital/hospital-ism/hospital_ws/build/yolo_node_pkg/prefix_override:/usr/lib/python3/dist-packages/colcon_core/task/python/colcon_distutils_commands:/home/hospital/hospital-ism/hospital_ws/install/yolo_node_pkg/lib/python3.10/site-packages:${PYTHONPATH} /usr/bin/python3 -W ignore:setup.py install is deprecated -W ignore:easy_install command is deprecated setup.py egg_info --egg-base ../../build/yolo_node_pkg build --build-base /home/hospital/hospital-ism/hospital_ws/build/yolo_node_pkg/build install --record /home/hospital/hospital-ism/hospital_ws/build/yolo_node_pkg/install.log --single-version-externally-managed install_data
[0.810s] running egg_info
[0.811s] writing ../../build/yolo_node_pkg/yolo_node_pkg.egg-info/PKG-INFO
[0.811s] writing dependency_links to ../../build/yolo_node_pkg/yolo_node_pkg.egg-info/dependency_links.txt
[0.811s] writing entry points to ../../build/yolo_node_pkg/yolo_node_pkg.egg-info/entry_points.txt
[0.811s] writing requirements to ../../build/yolo_node_pkg/yolo_node_pkg.egg-info/requires.txt
[0.811s] writing top-level names to ../../build/yolo_node_pkg/yolo_node_pkg.egg-info/top_level.txt
[0.812s] reading manifest file '../../build/yolo_node_pkg/yolo_node_pkg.egg-info/SOURCES.txt'
[0.813s] writing manifest file '../../build/yolo_node_pkg/yolo_node_pkg.egg-info/SOURCES.txt'
[0.813s] running build
[0.813s] running build_py
[0.813s] running install
[0.813s] running install_lib
[0.814s] running install_data
[0.814s] running install_egg_info
[0.815s] removing '/home/hospital/hospital-ism/hospital_ws/install/yolo_node_pkg/lib/python3.10/site-packages/yolo_node_pkg-0.0.0-py3.10.egg-info' (and everything under it)
[0.815s] Copying ../../build/yolo_node_pkg/yolo_node_pkg.egg-info to /home/hospital/hospital-ism/hospital_ws/install/yolo_node_pkg/lib/python3.10/site-packages/yolo_node_pkg-0.0.0-py3.10.egg-info
[0.815s] running install_scripts
[0.828s] Installing yolo_node script to /home/hospital/hospital-ism/hospital_ws/install/yolo_node_pkg/lib/yolo_node_pkg
[0.828s] writing list of installed files to '/home/hospital/hospital-ism/hospital_ws/build/yolo_node_pkg/install.log'
[0.845s] Invoked command in '/home/hospital/hospital-ism/hospital_ws/src/yolo_node_pkg' returned '0': PYTHONPATH=/home/hospital/hospital-ism/hospital_ws/build/yolo_node_pkg/prefix_override:/usr/lib/python3/dist-packages/colcon_core/task/python/colcon_distutils_commands:/home/hospital/hospital-ism/hospital_ws/install/yolo_node_pkg/lib/python3.10/site-packages:${PYTHONPATH} /usr/bin/python3 -W ignore:setup.py install is deprecated -W ignore:easy_install command is deprecated setup.py egg_info --egg-base ../../build/yolo_node_pkg build --build-base /home/hospital/hospital-ism/hospital_ws/build/yolo_node_pkg/build install --record /home/hospital/hospital-ism/hospital_ws/build/yolo_node_pkg/install.log --single-version-externally-managed install_data
