[0.332s] Invoking command in '/home/hospital/hospital_ws/src/hospital_vision': PYTHONPATH=/home/hospital/hospital_ws/build/hospital_vision/prefix_override:/usr/lib/python3/dist-packages/colcon_core/task/python/colcon_distutils_commands:/home/hospital/hospital_ws/install/hospital_vision/lib/python3.10/site-packages:${PYTHONPATH} /usr/bin/python3 -W ignore:setup.py install is deprecated -W ignore:easy_install command is deprecated setup.py egg_info --egg-base ../../build/hospital_vision build --build-base /home/hospital/hospital_ws/build/hospital_vision/build install --record /home/hospital/hospital_ws/build/hospital_vision/install.log --single-version-externally-managed install_data
[0.461s] running egg_info
[0.461s] writing ../../build/hospital_vision/hospital_vision.egg-info/PKG-INFO
[0.461s] writing dependency_links to ../../build/hospital_vision/hospital_vision.egg-info/dependency_links.txt
[0.461s] writing entry points to ../../build/hospital_vision/hospital_vision.egg-info/entry_points.txt
[0.461s] writing requirements to ../../build/hospital_vision/hospital_vision.egg-info/requires.txt
[0.462s] writing top-level names to ../../build/hospital_vision/hospital_vision.egg-info/top_level.txt
[0.462s] reading manifest file '../../build/hospital_vision/hospital_vision.egg-info/SOURCES.txt'
[0.463s] writing manifest file '../../build/hospital_vision/hospital_vision.egg-info/SOURCES.txt'
[0.463s] running build
[0.463s] running build_py
[0.463s] copying hospital_vision/d435_node.py -> /home/hospital/hospital_ws/build/hospital_vision/build/lib/hospital_vision
[0.463s] running install
[0.463s] running install_lib
[0.464s] copying /home/hospital/hospital_ws/build/hospital_vision/build/lib/hospital_vision/d435_node.py -> /home/hospital/hospital_ws/install/hospital_vision/lib/python3.10/site-packages/hospital_vision
[0.464s] byte-compiling /home/hospital/hospital_ws/install/hospital_vision/lib/python3.10/site-packages/hospital_vision/d435_node.py to d435_node.cpython-310.pyc
[0.465s] running install_data
[0.465s] running install_egg_info
[0.466s] removing '/home/hospital/hospital_ws/install/hospital_vision/lib/python3.10/site-packages/hospital_vision-0.0.0-py3.10.egg-info' (and everything under it)
[0.467s] Copying ../../build/hospital_vision/hospital_vision.egg-info to /home/hospital/hospital_ws/install/hospital_vision/lib/python3.10/site-packages/hospital_vision-0.0.0-py3.10.egg-info
[0.467s] running install_scripts
[0.479s] Installing d435_node script to /home/hospital/hospital_ws/install/hospital_vision/lib/hospital_vision
[0.480s] writing list of installed files to '/home/hospital/hospital_ws/build/hospital_vision/install.log'
[0.493s] Invoked command in '/home/hospital/hospital_ws/src/hospital_vision' returned '0': PYTHONPATH=/home/hospital/hospital_ws/build/hospital_vision/prefix_override:/usr/lib/python3/dist-packages/colcon_core/task/python/colcon_distutils_commands:/home/hospital/hospital_ws/install/hospital_vision/lib/python3.10/site-packages:${PYTHONPATH} /usr/bin/python3 -W ignore:setup.py install is deprecated -W ignore:easy_install command is deprecated setup.py egg_info --egg-base ../../build/hospital_vision build --build-base /home/hospital/hospital_ws/build/hospital_vision/build install --record /home/hospital/hospital_ws/build/hospital_vision/install.log --single-version-externally-managed install_data
