[0.019s] Invoking command in '/home/ubuntu/ros2_ws/build/mini_project_hp': /home/ubuntu/Qt/Tools/CMake/bin/cmake /home/ubuntu/ros2_ws/src/mini_project_hp -DCMAKE_INSTALL_PREFIX=/home/ubuntu/ros2_ws/install/mini_project_hp
[0.070s] -- The C compiler identification is GNU 11.4.0
[0.124s] -- The CXX compiler identification is GNU 11.4.0
[0.138s] -- Detecting C compiler ABI info
[0.213s] -- Detecting C compiler ABI info - done
[0.218s] -- Check for working C compiler: /usr/bin/cc - skipped
[0.218s] -- Detecting C compile features
[0.218s] -- Detecting C compile features - done
[0.221s] -- Detecting CXX compiler ABI info
[0.289s] -- Detecting CXX compiler ABI info - done
[0.304s] -- Check for working CXX compiler: /usr/bin/c++ - skipped
[0.304s] -- Detecting CXX compile features
[0.305s] -- Detecting CXX compile features - done
[0.308s] -- Found ament_cmake: 1.3.14 (/opt/ros/humble/share/ament_cmake/cmake)
[0.424s] -- Found Python3: /usr/bin/python3 (found version "3.10.12") found components: Interpreter
[0.503s] -- Found rclcpp: 16.0.19 (/opt/ros/humble/share/rclcpp/cmake)
[0.555s] -- Found rosidl_generator_c: 3.1.8 (/opt/ros/humble/share/rosidl_generator_c/cmake)
[0.556s] -- Found rosidl_adapter: 3.1.8 (/opt/ros/humble/share/rosidl_adapter/cmake)
[0.561s] -- Found rosidl_generator_cpp: 3.1.8 (/opt/ros/humble/share/rosidl_generator_cpp/cmake)
[0.575s] -- Using all available rosidl_typesupport_c: rosidl_typesupport_fastrtps_c;rosidl_typesupport_introspection_c
[0.594s] -- Using all available rosidl_typesupport_cpp: rosidl_typesupport_fastrtps_cpp;rosidl_typesupport_introspection_cpp
[0.638s] -- Found rmw_implementation_cmake: 6.1.2 (/opt/ros/humble/share/rmw_implementation_cmake/cmake)
[0.643s] -- Found rmw_fastrtps_cpp: 6.2.10 (/opt/ros/humble/share/rmw_fastrtps_cpp/cmake)
[0.737s] -- Found OpenSSL: /usr/lib/x86_64-linux-gnu/libcrypto.so (found version "3.0.2")
[0.757s] -- Found FastRTPS: /opt/ros/humble/include
[0.800s] -- Using RMW implementation 'rmw_fastrtps_cpp' as default
[0.809s] -- Performing Test CMAKE_HAVE_LIBC_PTHREAD
[0.885s] -- Performing Test CMAKE_HAVE_LIBC_PTHREAD - Success
[0.893s] -- Found Threads: TRUE
[0.939s] -- Found geometry_msgs: 4.9.1 (/opt/ros/humble/share/geometry_msgs/cmake)
[0.956s] -- Found sensor_msgs: 4.9.1 (/opt/ros/humble/share/sensor_msgs/cmake)
[1.049s] -- Performing Test HAVE_STDATOMIC
[1.143s] -- Performing Test HAVE_STDATOMIC - Success
[1.144s] -- Found WrapAtomic: TRUE
[1.179s] -- Found OpenGL: /usr/lib/x86_64-linux-gnu/libOpenGL.so
[1.179s] -- Found WrapOpenGL: TRUE
[1.243s] -- Found XKB: /usr/lib/x86_64-linux-gnu/libxkbcommon.so (found suitable version "1.4.0", minimum required is "0.5.0")
[1.284s] -- Found WrapVulkanHeaders: /usr/include
[1.475s] Error parsing '/home/ubuntu/ros2_ws/src/mini_project_hp/package.xml':
[1.512s] Traceback (most recent call last):
[1.512s]   File "/opt/ros/humble/share/ament_cmake_core/cmake/core/package_xml_2_cmake.py", line 150, in <module>
[1.513s]     main()
[1.513s]   File "/opt/ros/humble/share/ament_cmake_core/cmake/core/package_xml_2_cmake.py", line 53, in main
[1.513s]     raise e
[1.513s]   File "/opt/ros/humble/share/ament_cmake_core/cmake/core/package_xml_2_cmake.py", line 49, in main
[1.513s]     package = parse_package_string(
[1.513s]   File "/usr/lib/python3/dist-packages/catkin_pkg/package.py", line 788, in parse_package_string
[1.513s]     pkg.validate(warnings=warnings)
[1.513s]   File "/usr/lib/python3/dist-packages/catkin_pkg/package.py", line 330, in validate
[1.513s]     raise InvalidPackage('\n'.join(errors), self.filename)
[1.513s] catkin_pkg.package.InvalidPackage: Error(s) in package '/home/ubuntu/ros2_ws/src/mini_project_hp/package.xml':
[1.513s] Invalid email "ubuntu@localhost" for person "ubuntu"
[1.523s] [31mCMake Error at /opt/ros/humble/share/ament_cmake_core/cmake/core/ament_package_xml.cmake:95 (message):
[1.523s]   execute_process(/usr/bin/python3
[1.523s]   /opt/ros/humble/share/ament_cmake_core/cmake/core/package_xml_2_cmake.py
[1.523s]   /home/ubuntu/ros2_ws/src/mini_project_hp/package.xml
[1.523s]   /home/ubuntu/ros2_ws/build/mini_project_hp/ament_cmake_core/package.cmake)
[1.523s]   returned error code 1
[1.523s] Call Stack (most recent call first):
[1.523s]   /opt/ros/humble/share/ament_cmake_core/cmake/core/ament_package_xml.cmake:49 (_ament_package_xml)
[1.523s]   /opt/ros/humble/share/ament_cmake_core/cmake/core/ament_package.cmake:63 (ament_package_xml)
[1.523s]   CMakeLists.txt:48 (ament_package)
[1.523s] 
[1.523s] [0m
[1.524s] -- Configuring incomplete, errors occurred!
[1.537s] Invoked command in '/home/ubuntu/ros2_ws/build/mini_project_hp' returned '1': /home/ubuntu/Qt/Tools/CMake/bin/cmake /home/ubuntu/ros2_ws/src/mini_project_hp -DCMAKE_INSTALL_PREFIX=/home/ubuntu/ros2_ws/install/mini_project_hp
