running egg_info
writing ../build/yolo_node/yolo_node.egg-info/PKG-INFO
writing dependency_links to ../build/yolo_node/yolo_node.egg-info/dependency_links.txt
writing entry points to ../build/yolo_node/yolo_node.egg-info/entry_points.txt
writing requirements to ../build/yolo_node/yolo_node.egg-info/requires.txt
writing top-level names to ../build/yolo_node/yolo_node.egg-info/top_level.txt
reading manifest file '../build/yolo_node/yolo_node.egg-info/SOURCES.txt'
writing manifest file '../build/yolo_node/yolo_node.egg-info/SOURCES.txt'
running build
running build_py
copying yolo_node/yolo_node.py -> /home/hospital/hospital-ism/hospital_ws/build/yolo_node/build/lib/yolo_node
running install
running install_lib
copying /home/hospital/hospital-ism/hospital_ws/build/yolo_node/build/lib/yolo_node/yolo_node.py -> /home/hospital/hospital-ism/hospital_ws/install/yolo_node/lib/python3.10/site-packages/yolo_node
byte-compiling /home/hospital/hospital-ism/hospital_ws/install/yolo_node/lib/python3.10/site-packages/yolo_node/yolo_node.py to yolo_node.cpython-310.pyc
running install_data
running install_egg_info
removing '/home/hospital/hospital-ism/hospital_ws/install/yolo_node/lib/python3.10/site-packages/yolo_node-0.0.0-py3.10.egg-info' (and everything under it)
Copying ../build/yolo_node/yolo_node.egg-info to /home/hospital/hospital-ism/hospital_ws/install/yolo_node/lib/python3.10/site-packages/yolo_node-0.0.0-py3.10.egg-info
running install_scripts
Installing yolo_node script to /home/hospital/hospital-ism/hospital_ws/install/yolo_node/lib/yolo_node
writing list of installed files to '/home/hospital/hospital-ism/hospital_ws/build/yolo_node/install.log'
