[0.358s] Invoking command in '/home/hospital/hospital-ism/hospital_ws/src/hospital_vision': PYTHONPATH=/home/hospital/hospital-ism/hospital_ws/build/hospital_vision/prefix_override:/usr/lib/python3/dist-packages/colcon_core/task/python/colcon_distutils_commands:/home/hospital/hospital-ism/hospital_ws/install/hospital_vision/lib/python3.10/site-packages:${PYTHONPATH} /usr/bin/python3 -W ignore:setup.py install is deprecated -W ignore:easy_install command is deprecated setup.py egg_info --egg-base ../../build/hospital_vision build --build-base /home/hospital/hospital-ism/hospital_ws/build/hospital_vision/build install --record /home/hospital/hospital-ism/hospital_ws/build/hospital_vision/install.log --single-version-externally-managed install_data
[0.502s] running egg_info
[0.502s] writing ../../build/hospital_vision/hospital_vision.egg-info/PKG-INFO
[0.503s] writing dependency_links to ../../build/hospital_vision/hospital_vision.egg-info/dependency_links.txt
[0.503s] writing entry points to ../../build/hospital_vision/hospital_vision.egg-info/entry_points.txt
[0.503s] writing requirements to ../../build/hospital_vision/hospital_vision.egg-info/requires.txt
[0.503s] writing top-level names to ../../build/hospital_vision/hospital_vision.egg-info/top_level.txt
[0.504s] reading manifest file '../../build/hospital_vision/hospital_vision.egg-info/SOURCES.txt'
[0.505s] writing manifest file '../../build/hospital_vision/hospital_vision.egg-info/SOURCES.txt'
[0.505s] running build
[0.505s] running build_py
[0.506s] copying hospital_vision/d435_node1.py -> /home/hospital/hospital-ism/hospital_ws/build/hospital_vision/build/lib/hospital_vision
[0.506s] running install
[0.507s] running install_lib
[0.507s] copying /home/hospital/hospital-ism/hospital_ws/build/hospital_vision/build/lib/hospital_vision/d435_node1.py -> /home/hospital/hospital-ism/hospital_ws/install/hospital_vision/lib/python3.10/site-packages/hospital_vision
[0.508s] byte-compiling /home/hospital/hospital-ism/hospital_ws/install/hospital_vision/lib/python3.10/site-packages/hospital_vision/d435_node1.py to d435_node1.cpython-310.pyc
[0.509s] running install_data
[0.509s] running install_egg_info
[0.510s] removing '/home/hospital/hospital-ism/hospital_ws/install/hospital_vision/lib/python3.10/site-packages/hospital_vision-0.0.0-py3.10.egg-info' (and everything under it)
[0.510s] Copying ../../build/hospital_vision/hospital_vision.egg-info to /home/hospital/hospital-ism/hospital_ws/install/hospital_vision/lib/python3.10/site-packages/hospital_vision-0.0.0-py3.10.egg-info
[0.511s] running install_scripts
[0.524s] Installing d435_node script to /home/hospital/hospital-ism/hospital_ws/install/hospital_vision/lib/hospital_vision
[0.524s] Installing d435_node1 script to /home/hospital/hospital-ism/hospital_ws/install/hospital_vision/lib/hospital_vision
[0.524s] writing list of installed files to '/home/hospital/hospital-ism/hospital_ws/build/hospital_vision/install.log'
[0.539s] Invoked command in '/home/hospital/hospital-ism/hospital_ws/src/hospital_vision' returned '0': PYTHONPATH=/home/hospital/hospital-ism/hospital_ws/build/hospital_vision/prefix_override:/usr/lib/python3/dist-packages/colcon_core/task/python/colcon_distutils_commands:/home/hospital/hospital-ism/hospital_ws/install/hospital_vision/lib/python3.10/site-packages:${PYTHONPATH} /usr/bin/python3 -W ignore:setup.py install is deprecated -W ignore:easy_install command is deprecated setup.py egg_info --egg-base ../../build/hospital_vision build --build-base /home/hospital/hospital-ism/hospital_ws/build/hospital_vision/build install --record /home/hospital/hospital-ism/hospital_ws/build/hospital_vision/install.log --single-version-externally-managed install_data
