[0.354s] Invoking command in '/home/hospital/hospital_ws/src/hospital_vision': PYTHONPATH=/home/hospital/hospital_ws/build/hospital_vision/prefix_override:/usr/lib/python3/dist-packages/colcon_core/task/python/colcon_distutils_commands:/home/hospital/hospital_ws/install/hospital_vision/lib/python3.10/site-packages:${PYTHONPATH} /usr/bin/python3 -W ignore:setup.py install is deprecated -W ignore:easy_install command is deprecated setup.py egg_info --egg-base ../../build/hospital_vision build --build-base /home/hospital/hospital_ws/build/hospital_vision/build install --record /home/hospital/hospital_ws/build/hospital_vision/install.log --single-version-externally-managed install_data
[0.492s] running egg_info
[0.492s] creating ../../build/hospital_vision/hospital_vision.egg-info
[0.492s] writing ../../build/hospital_vision/hospital_vision.egg-info/PKG-INFO
[0.492s] writing dependency_links to ../../build/hospital_vision/hospital_vision.egg-info/dependency_links.txt
[0.492s] writing entry points to ../../build/hospital_vision/hospital_vision.egg-info/entry_points.txt
[0.493s] writing requirements to ../../build/hospital_vision/hospital_vision.egg-info/requires.txt
[0.493s] writing top-level names to ../../build/hospital_vision/hospital_vision.egg-info/top_level.txt
[0.493s] writing manifest file '../../build/hospital_vision/hospital_vision.egg-info/SOURCES.txt'
[0.494s] reading manifest file '../../build/hospital_vision/hospital_vision.egg-info/SOURCES.txt'
[0.494s] writing manifest file '../../build/hospital_vision/hospital_vision.egg-info/SOURCES.txt'
[0.494s] running build
[0.494s] running build_py
[0.494s] creating /home/hospital/hospital_ws/build/hospital_vision/build
[0.494s] creating /home/hospital/hospital_ws/build/hospital_vision/build/lib
[0.494s] creating /home/hospital/hospital_ws/build/hospital_vision/build/lib/hospital_vision
[0.494s] copying hospital_vision/__init__.py -> /home/hospital/hospital_ws/build/hospital_vision/build/lib/hospital_vision
[0.494s] running install
[0.494s] running install_lib
[0.495s] creating /home/hospital/hospital_ws/install/hospital_vision/lib/python3.10/site-packages/hospital_vision
[0.495s] copying /home/hospital/hospital_ws/build/hospital_vision/build/lib/hospital_vision/__init__.py -> /home/hospital/hospital_ws/install/hospital_vision/lib/python3.10/site-packages/hospital_vision
[0.495s] byte-compiling /home/hospital/hospital_ws/install/hospital_vision/lib/python3.10/site-packages/hospital_vision/__init__.py to __init__.cpython-310.pyc
[0.495s] running install_data
[0.495s] creating /home/hospital/hospital_ws/install/hospital_vision/share/ament_index
[0.495s] creating /home/hospital/hospital_ws/install/hospital_vision/share/ament_index/resource_index
[0.495s] creating /home/hospital/hospital_ws/install/hospital_vision/share/ament_index/resource_index/packages
[0.495s] copying resource/hospital_vision -> /home/hospital/hospital_ws/install/hospital_vision/share/ament_index/resource_index/packages
[0.496s] copying package.xml -> /home/hospital/hospital_ws/install/hospital_vision/share/hospital_vision
[0.496s] running install_egg_info
[0.497s] Copying ../../build/hospital_vision/hospital_vision.egg-info to /home/hospital/hospital_ws/install/hospital_vision/lib/python3.10/site-packages/hospital_vision-0.0.0-py3.10.egg-info
[0.497s] running install_scripts
[0.512s] Installing d435_node script to /home/hospital/hospital_ws/install/hospital_vision/lib/hospital_vision
[0.512s] writing list of installed files to '/home/hospital/hospital_ws/build/hospital_vision/install.log'
[0.531s] Invoked command in '/home/hospital/hospital_ws/src/hospital_vision' returned '0': PYTHONPATH=/home/hospital/hospital_ws/build/hospital_vision/prefix_override:/usr/lib/python3/dist-packages/colcon_core/task/python/colcon_distutils_commands:/home/hospital/hospital_ws/install/hospital_vision/lib/python3.10/site-packages:${PYTHONPATH} /usr/bin/python3 -W ignore:setup.py install is deprecated -W ignore:easy_install command is deprecated setup.py egg_info --egg-base ../../build/hospital_vision build --build-base /home/hospital/hospital_ws/build/hospital_vision/build install --record /home/hospital/hospital_ws/build/hospital_vision/install.log --single-version-externally-managed install_data
