running develop
running egg_info
creating yolo_node_pkg.egg-info
writing yolo_node_pkg.egg-info/PKG-INFO
writing dependency_links to yolo_node_pkg.egg-info/dependency_links.txt
writing entry points to yolo_node_pkg.egg-info/entry_points.txt
writing requirements to yolo_node_pkg.egg-info/requires.txt
writing top-level names to yolo_node_pkg.egg-info/top_level.txt
writing manifest file 'yolo_node_pkg.egg-info/SOURCES.txt'
reading manifest file 'yolo_node_pkg.egg-info/SOURCES.txt'
writing manifest file 'yolo_node_pkg.egg-info/SOURCES.txt'
running build_ext
Creating /home/hospital/hospital_ws/install/yolo_node_pkg/lib/python3.10/site-packages/yolo-node-pkg.egg-link (link to .)
Installing yolo_node script to /home/hospital/hospital_ws/install/yolo_node_pkg/lib/yolo_node_pkg

Installed /home/hospital/hospital_ws/build/yolo_node_pkg
running symlink_data
creating /home/hospital/hospital_ws/install/yolo_node_pkg/share/ament_index
creating /home/hospital/hospital_ws/install/yolo_node_pkg/share/ament_index/resource_index
creating /home/hospital/hospital_ws/install/yolo_node_pkg/share/ament_index/resource_index/packages
symbolically linking /home/hospital/hospital_ws/build/yolo_node_pkg/resource/yolo_node_pkg -> /home/hospital/hospital_ws/install/yolo_node_pkg/share/ament_index/resource_index/packages
symbolically linking /home/hospital/hospital_ws/build/yolo_node_pkg/package.xml -> /home/hospital/hospital_ws/install/yolo_node_pkg/share/yolo_node_pkg
