[0.667s] Invoking command in '/home/hospital/hospital_ws/build/yolo_node_pkg': PYTHONPATH=/home/hospital/hospital_ws/build/yolo_node_pkg/prefix_override:/usr/lib/python3/dist-packages/colcon_core/task/python/colcon_distutils_commands:/home/hospital/hospital_ws/install/yolo_node_pkg/lib/python3.10/site-packages:${PYTHONPATH} /usr/bin/python3 -W ignore:setup.py install is deprecated -W ignore:easy_install command is deprecated setup.py develop --editable --build-directory /home/hospital/hospital_ws/build/yolo_node_pkg/build --no-deps symlink_data
[0.812s] running develop
[0.892s] running egg_info
[0.892s] creating yolo_node_pkg.egg-info
[0.892s] writing yolo_node_pkg.egg-info/PKG-INFO
[0.892s] writing dependency_links to yolo_node_pkg.egg-info/dependency_links.txt
[0.892s] writing entry points to yolo_node_pkg.egg-info/entry_points.txt
[0.892s] writing requirements to yolo_node_pkg.egg-info/requires.txt
[0.892s] writing top-level names to yolo_node_pkg.egg-info/top_level.txt
[0.892s] writing manifest file 'yolo_node_pkg.egg-info/SOURCES.txt'
[0.894s] reading manifest file 'yolo_node_pkg.egg-info/SOURCES.txt'
[0.894s] writing manifest file 'yolo_node_pkg.egg-info/SOURCES.txt'
[0.895s] running build_ext
[0.895s] Creating /home/hospital/hospital_ws/install/yolo_node_pkg/lib/python3.10/site-packages/yolo-node-pkg.egg-link (link to .)
[0.895s] Installing yolo_node script to /home/hospital/hospital_ws/install/yolo_node_pkg/lib/yolo_node_pkg
[0.896s] 
[0.896s] Installed /home/hospital/hospital_ws/build/yolo_node_pkg
[0.896s] running symlink_data
[0.896s] creating /home/hospital/hospital_ws/install/yolo_node_pkg/share/ament_index
[0.896s] creating /home/hospital/hospital_ws/install/yolo_node_pkg/share/ament_index/resource_index
[0.896s] creating /home/hospital/hospital_ws/install/yolo_node_pkg/share/ament_index/resource_index/packages
[0.896s] symbolically linking /home/hospital/hospital_ws/build/yolo_node_pkg/resource/yolo_node_pkg -> /home/hospital/hospital_ws/install/yolo_node_pkg/share/ament_index/resource_index/packages
[0.896s] symbolically linking /home/hospital/hospital_ws/build/yolo_node_pkg/package.xml -> /home/hospital/hospital_ws/install/yolo_node_pkg/share/yolo_node_pkg
[0.923s] Invoked command in '/home/hospital/hospital_ws/build/yolo_node_pkg' returned '0': PYTHONPATH=/home/hospital/hospital_ws/build/yolo_node_pkg/prefix_override:/usr/lib/python3/dist-packages/colcon_core/task/python/colcon_distutils_commands:/home/hospital/hospital_ws/install/yolo_node_pkg/lib/python3.10/site-packages:${PYTHONPATH} /usr/bin/python3 -W ignore:setup.py install is deprecated -W ignore:easy_install command is deprecated setup.py develop --editable --build-directory /home/hospital/hospital_ws/build/yolo_node_pkg/build --no-deps symlink_data
