[1.060s] Invoking command in '/home/ubuntu/hospital-robot-ROS2/src/hospital_voice': PYTHONPATH=/home/ubuntu/hospital-robot-ROS2/build/hospital_voice/prefix_override:/usr/lib/python3/dist-packages/colcon_core/task/python/colcon_distutils_commands:/home/ubuntu/hospital-robot-ROS2/install/hospital_voice/lib/python3.10/site-packages:${PYTHONPATH} /usr/bin/python3 -W ignore:setup.py install is deprecated -W ignore:easy_install command is deprecated setup.py egg_info --egg-base ../../build/hospital_voice build --build-base /home/ubuntu/hospital-robot-ROS2/build/hospital_voice/build install --record /home/ubuntu/hospital-robot-ROS2/build/hospital_voice/install.log --single-version-externally-managed install_data
[1.436s] running egg_info
[1.436s] writing ../../build/hospital_voice/hospital_voice.egg-info/PKG-INFO
[1.437s] writing dependency_links to ../../build/hospital_voice/hospital_voice.egg-info/dependency_links.txt
[1.437s] writing entry points to ../../build/hospital_voice/hospital_voice.egg-info/entry_points.txt
[1.437s] writing requirements to ../../build/hospital_voice/hospital_voice.egg-info/requires.txt
[1.440s] writing top-level names to ../../build/hospital_voice/hospital_voice.egg-info/top_level.txt
[1.446s] reading manifest file '../../build/hospital_voice/hospital_voice.egg-info/SOURCES.txt'
[1.448s] writing manifest file '../../build/hospital_voice/hospital_voice.egg-info/SOURCES.txt'
[1.449s] running build
[1.451s] running build_py
[1.451s] copying hospital_voice/tts_node.py -> /home/ubuntu/hospital-robot-ROS2/build/hospital_voice/build/lib/hospital_voice
[1.451s] running install
[1.454s] running install_lib
[1.456s] copying /home/ubuntu/hospital-robot-ROS2/build/hospital_voice/build/lib/hospital_voice/tts_node.py -> /home/ubuntu/hospital-robot-ROS2/install/hospital_voice/lib/python3.10/site-packages/hospital_voice
[1.458s] byte-compiling /home/ubuntu/hospital-robot-ROS2/install/hospital_voice/lib/python3.10/site-packages/hospital_voice/tts_node.py to tts_node.cpython-310.pyc
[1.458s] running install_data
[1.460s] running install_egg_info
[1.465s] removing '/home/ubuntu/hospital-robot-ROS2/install/hospital_voice/lib/python3.10/site-packages/hospital_voice-0.0.0-py3.10.egg-info' (and everything under it)
[1.465s] Copying ../../build/hospital_voice/hospital_voice.egg-info to /home/ubuntu/hospital-robot-ROS2/install/hospital_voice/lib/python3.10/site-packages/hospital_voice-0.0.0-py3.10.egg-info
[1.474s] running install_scripts
[1.499s] Installing tts_node script to /home/ubuntu/hospital-robot-ROS2/install/hospital_voice/lib/hospital_voice
[1.502s] Installing whisper_node script to /home/ubuntu/hospital-robot-ROS2/install/hospital_voice/lib/hospital_voice
[1.502s] writing list of installed files to '/home/ubuntu/hospital-robot-ROS2/build/hospital_voice/install.log'
[1.531s] Invoked command in '/home/ubuntu/hospital-robot-ROS2/src/hospital_voice' returned '0': PYTHONPATH=/home/ubuntu/hospital-robot-ROS2/build/hospital_voice/prefix_override:/usr/lib/python3/dist-packages/colcon_core/task/python/colcon_distutils_commands:/home/ubuntu/hospital-robot-ROS2/install/hospital_voice/lib/python3.10/site-packages:${PYTHONPATH} /usr/bin/python3 -W ignore:setup.py install is deprecated -W ignore:easy_install command is deprecated setup.py egg_info --egg-base ../../build/hospital_voice build --build-base /home/ubuntu/hospital-robot-ROS2/build/hospital_voice/build install --record /home/ubuntu/hospital-robot-ROS2/build/hospital_voice/install.log --single-version-externally-managed install_data
