running egg_info
writing ../../build/hospital_vision/hospital_vision.egg-info/PKG-INFO
writing dependency_links to ../../build/hospital_vision/hospital_vision.egg-info/dependency_links.txt
writing entry points to ../../build/hospital_vision/hospital_vision.egg-info/entry_points.txt
writing requirements to ../../build/hospital_vision/hospital_vision.egg-info/requires.txt
writing top-level names to ../../build/hospital_vision/hospital_vision.egg-info/top_level.txt
reading manifest file '../../build/hospital_vision/hospital_vision.egg-info/SOURCES.txt'
writing manifest file '../../build/hospital_vision/hospital_vision.egg-info/SOURCES.txt'
running build
running build_py
copying hospital_vision/d435_node1.py -> /home/hospital/hospital_ws/build/hospital_vision/build/lib/hospital_vision
running install
running install_lib
copying /home/hospital/hospital_ws/build/hospital_vision/build/lib/hospital_vision/d435_node1.py -> /home/hospital/hospital_ws/install/hospital_vision/lib/python3.10/site-packages/hospital_vision
byte-compiling /home/hospital/hospital_ws/install/hospital_vision/lib/python3.10/site-packages/hospital_vision/d435_node1.py to d435_node1.cpython-310.pyc
running install_data
running install_egg_info
removing '/home/hospital/hospital_ws/install/hospital_vision/lib/python3.10/site-packages/hospital_vision-0.0.0-py3.10.egg-info' (and everything under it)
Copying ../../build/hospital_vision/hospital_vision.egg-info to /home/hospital/hospital_ws/install/hospital_vision/lib/python3.10/site-packages/hospital_vision-0.0.0-py3.10.egg-info
running install_scripts
Installing d435_node script to /home/hospital/hospital_ws/install/hospital_vision/lib/hospital_vision
writing list of installed files to '/home/hospital/hospital_ws/build/hospital_vision/install.log'
