[0.154s] DEBUG:colcon:Command line arguments: ['/usr/bin/colcon', 'build', '--packages-select', 'hospital_voice']
[0.154s] DEBUG:colcon:Parsed command line arguments: Namespace(log_base=None, log_level=None, verb_name='build', build_base='build', install_base='install', merge_install=False, symlink_install=False, test_result_base=None, continue_on_error=False, executor='parallel', parallel_workers=4, event_handlers=None, ignore_user_meta=False, metas=['./colcon.meta'], base_paths=['.'], packages_ignore=None, packages_ignore_regex=None, paths=None, packages_up_to=None, packages_up_to_regex=None, packages_above=None, packages_above_and_dependencies=None, packages_above_depth=None, packages_select_by_dep=None, packages_skip_by_dep=None, packages_skip_up_to=None, packages_select_build_failed=False, packages_skip_build_finished=False, packages_select_test_failures=False, packages_skip_test_passed=False, packages_select=['hospital_voice'], packages_skip=None, packages_select_regex=None, packages_skip_regex=None, packages_start=None, packages_end=None, allow_overriding=[], cmake_args=None, cmake_target=None, cmake_target_skip_unavailable=False, cmake_clean_cache=False, cmake_clean_first=False, cmake_force_configure=False, ament_cmake_args=None, catkin_cmake_args=None, catkin_skip_building_tests=False, mixin_files=None, mixin=None, verb_parser=<colcon_mixin.mixin.mixin_argument.MixinArgumentDecorator object at 0x7c2d53b88ac0>, verb_extension=<colcon_core.verb.build.BuildVerb object at 0x7c2d53b88610>, main=<bound method BuildVerb.main of <colcon_core.verb.build.BuildVerb object at 0x7c2d53b88610>>, mixin_verb=('build',))
[0.400s] Level 1:colcon.colcon_core.package_discovery:discover_packages(colcon_meta) check parameters
[0.401s] Level 1:colcon.colcon_core.package_discovery:discover_packages(recursive) check parameters
[0.401s] Level 1:colcon.colcon_core.package_discovery:discover_packages(ignore) check parameters
[0.401s] Level 1:colcon.colcon_core.package_discovery:discover_packages(path) check parameters
[0.401s] Level 1:colcon.colcon_core.package_discovery:discover_packages(colcon_meta) discover
[0.401s] Level 1:colcon.colcon_core.package_discovery:discover_packages(recursive) discover
[0.401s] INFO:colcon.colcon_core.package_discovery:Crawling recursively for packages in '/home/ubuntu/hospital-robot-ROS2'
[0.402s] Level 1:colcon.colcon_core.package_identification:_identify(.) by extensions ['ignore', 'ignore_ament_install']
[0.402s] Level 1:colcon.colcon_core.package_identification:_identify(.) by extension 'ignore'
[0.402s] Level 1:colcon.colcon_core.package_identification:_identify(.) by extension 'ignore_ament_install'
[0.403s] Level 1:colcon.colcon_core.package_identification:_identify(.) by extensions ['colcon_pkg']
[0.403s] Level 1:colcon.colcon_core.package_identification:_identify(.) by extension 'colcon_pkg'
[0.403s] Level 1:colcon.colcon_core.package_identification:_identify(.) by extensions ['colcon_meta']
[0.403s] Level 1:colcon.colcon_core.package_identification:_identify(.) by extension 'colcon_meta'
[0.403s] Level 1:colcon.colcon_core.package_identification:_identify(.) by extensions ['ros']
[0.403s] Level 1:colcon.colcon_core.package_identification:_identify(.) by extension 'ros'
[0.421s] Level 1:colcon.colcon_core.package_identification:_identify(.) by extensions ['cmake', 'python']
[0.421s] Level 1:colcon.colcon_core.package_identification:_identify(.) by extension 'cmake'
[0.421s] Level 1:colcon.colcon_core.package_identification:_identify(.) by extension 'python'
[0.421s] Level 1:colcon.colcon_core.package_identification:_identify(.) by extensions ['python_setup_py']
[0.421s] Level 1:colcon.colcon_core.package_identification:_identify(.) by extension 'python_setup_py'
[0.421s] Level 1:colcon.colcon_core.package_identification:_identify(build) by extensions ['ignore', 'ignore_ament_install']
[0.421s] Level 1:colcon.colcon_core.package_identification:_identify(build) by extension 'ignore'
[0.421s] Level 1:colcon.colcon_core.package_identification:_identify(build) ignored
[0.421s] Level 1:colcon.colcon_core.package_identification:_identify(install) by extensions ['ignore', 'ignore_ament_install']
[0.421s] Level 1:colcon.colcon_core.package_identification:_identify(install) by extension 'ignore'
[0.421s] Level 1:colcon.colcon_core.package_identification:_identify(install) ignored
[0.422s] Level 1:colcon.colcon_core.package_identification:_identify(log) by extensions ['ignore', 'ignore_ament_install']
[0.422s] Level 1:colcon.colcon_core.package_identification:_identify(log) by extension 'ignore'
[0.422s] Level 1:colcon.colcon_core.package_identification:_identify(log) ignored
[0.422s] Level 1:colcon.colcon_core.package_identification:_identify(src) by extensions ['ignore', 'ignore_ament_install']
[0.422s] Level 1:colcon.colcon_core.package_identification:_identify(src) by extension 'ignore'
[0.422s] Level 1:colcon.colcon_core.package_identification:_identify(src) by extension 'ignore_ament_install'
[0.422s] Level 1:colcon.colcon_core.package_identification:_identify(src) by extensions ['colcon_pkg']
[0.422s] Level 1:colcon.colcon_core.package_identification:_identify(src) by extension 'colcon_pkg'
[0.422s] Level 1:colcon.colcon_core.package_identification:_identify(src) by extensions ['colcon_meta']
[0.422s] Level 1:colcon.colcon_core.package_identification:_identify(src) by extension 'colcon_meta'
[0.422s] Level 1:colcon.colcon_core.package_identification:_identify(src) by extensions ['ros']
[0.422s] Level 1:colcon.colcon_core.package_identification:_identify(src) by extension 'ros'
[0.422s] Level 1:colcon.colcon_core.package_identification:_identify(src) by extensions ['cmake', 'python']
[0.422s] Level 1:colcon.colcon_core.package_identification:_identify(src) by extension 'cmake'
[0.422s] Level 1:colcon.colcon_core.package_identification:_identify(src) by extension 'python'
[0.422s] Level 1:colcon.colcon_core.package_identification:_identify(src) by extensions ['python_setup_py']
[0.422s] Level 1:colcon.colcon_core.package_identification:_identify(src) by extension 'python_setup_py'
[0.422s] Level 1:colcon.colcon_core.package_identification:_identify(src/hospital_voice) by extensions ['ignore', 'ignore_ament_install']
[0.422s] Level 1:colcon.colcon_core.package_identification:_identify(src/hospital_voice) by extension 'ignore'
[0.423s] Level 1:colcon.colcon_core.package_identification:_identify(src/hospital_voice) by extension 'ignore_ament_install'
[0.423s] Level 1:colcon.colcon_core.package_identification:_identify(src/hospital_voice) by extensions ['colcon_pkg']
[0.423s] Level 1:colcon.colcon_core.package_identification:_identify(src/hospital_voice) by extension 'colcon_pkg'
[0.423s] Level 1:colcon.colcon_core.package_identification:_identify(src/hospital_voice) by extensions ['colcon_meta']
[0.423s] Level 1:colcon.colcon_core.package_identification:_identify(src/hospital_voice) by extension 'colcon_meta'
[0.423s] Level 1:colcon.colcon_core.package_identification:_identify(src/hospital_voice) by extensions ['ros']
[0.423s] Level 1:colcon.colcon_core.package_identification:_identify(src/hospital_voice) by extension 'ros'
[0.426s] DEBUG:colcon.colcon_core.package_identification:Package 'src/hospital_voice' with type 'ros.ament_python' and name 'hospital_voice'
[0.426s] Level 1:colcon.colcon_core.package_identification:_identify(whisper) by extensions ['ignore', 'ignore_ament_install']
[0.426s] Level 1:colcon.colcon_core.package_identification:_identify(whisper) by extension 'ignore'
[0.426s] Level 1:colcon.colcon_core.package_identification:_identify(whisper) by extension 'ignore_ament_install'
[0.426s] Level 1:colcon.colcon_core.package_identification:_identify(whisper) by extensions ['colcon_pkg']
[0.426s] Level 1:colcon.colcon_core.package_identification:_identify(whisper) by extension 'colcon_pkg'
[0.426s] Level 1:colcon.colcon_core.package_identification:_identify(whisper) by extensions ['colcon_meta']
[0.426s] Level 1:colcon.colcon_core.package_identification:_identify(whisper) by extension 'colcon_meta'
[0.426s] Level 1:colcon.colcon_core.package_identification:_identify(whisper) by extensions ['ros']
[0.426s] Level 1:colcon.colcon_core.package_identification:_identify(whisper) by extension 'ros'
[0.426s] Level 1:colcon.colcon_core.package_identification:_identify(whisper) by extensions ['cmake', 'python']
[0.426s] Level 1:colcon.colcon_core.package_identification:_identify(whisper) by extension 'cmake'
[0.426s] Level 1:colcon.colcon_core.package_identification:_identify(whisper) by extension 'python'
[0.426s] Level 1:colcon.colcon_core.package_identification:_identify(whisper) by extensions ['python_setup_py']
[0.426s] Level 1:colcon.colcon_core.package_identification:_identify(whisper) by extension 'python_setup_py'
[0.426s] Level 1:colcon.colcon_core.package_identification:_identify(whisper/record) by extensions ['ignore', 'ignore_ament_install']
[0.426s] Level 1:colcon.colcon_core.package_identification:_identify(whisper/record) by extension 'ignore'
[0.426s] Level 1:colcon.colcon_core.package_identification:_identify(whisper/record) by extension 'ignore_ament_install'
[0.427s] Level 1:colcon.colcon_core.package_identification:_identify(whisper/record) by extensions ['colcon_pkg']
[0.427s] Level 1:colcon.colcon_core.package_identification:_identify(whisper/record) by extension 'colcon_pkg'
[0.427s] Level 1:colcon.colcon_core.package_identification:_identify(whisper/record) by extensions ['colcon_meta']
[0.427s] Level 1:colcon.colcon_core.package_identification:_identify(whisper/record) by extension 'colcon_meta'
[0.427s] Level 1:colcon.colcon_core.package_identification:_identify(whisper/record) by extensions ['ros']
[0.427s] Level 1:colcon.colcon_core.package_identification:_identify(whisper/record) by extension 'ros'
[0.427s] Level 1:colcon.colcon_core.package_identification:_identify(whisper/record) by extensions ['cmake', 'python']
[0.427s] Level 1:colcon.colcon_core.package_identification:_identify(whisper/record) by extension 'cmake'
[0.427s] Level 1:colcon.colcon_core.package_identification:_identify(whisper/record) by extension 'python'
[0.427s] Level 1:colcon.colcon_core.package_identification:_identify(whisper/record) by extensions ['python_setup_py']
[0.427s] Level 1:colcon.colcon_core.package_identification:_identify(whisper/record) by extension 'python_setup_py'
[0.427s] Level 1:colcon.colcon_core.package_identification:_identify(whisper/tts) by extensions ['ignore', 'ignore_ament_install']
[0.427s] Level 1:colcon.colcon_core.package_identification:_identify(whisper/tts) by extension 'ignore'
[0.427s] Level 1:colcon.colcon_core.package_identification:_identify(whisper/tts) by extension 'ignore_ament_install'
[0.427s] Level 1:colcon.colcon_core.package_identification:_identify(whisper/tts) by extensions ['colcon_pkg']
[0.427s] Level 1:colcon.colcon_core.package_identification:_identify(whisper/tts) by extension 'colcon_pkg'
[0.427s] Level 1:colcon.colcon_core.package_identification:_identify(whisper/tts) by extensions ['colcon_meta']
[0.427s] Level 1:colcon.colcon_core.package_identification:_identify(whisper/tts) by extension 'colcon_meta'
[0.427s] Level 1:colcon.colcon_core.package_identification:_identify(whisper/tts) by extensions ['ros']
[0.427s] Level 1:colcon.colcon_core.package_identification:_identify(whisper/tts) by extension 'ros'
[0.427s] Level 1:colcon.colcon_core.package_identification:_identify(whisper/tts) by extensions ['cmake', 'python']
[0.428s] Level 1:colcon.colcon_core.package_identification:_identify(whisper/tts) by extension 'cmake'
[0.428s] Level 1:colcon.colcon_core.package_identification:_identify(whisper/tts) by extension 'python'
[0.428s] Level 1:colcon.colcon_core.package_identification:_identify(whisper/tts) by extensions ['python_setup_py']
[0.428s] Level 1:colcon.colcon_core.package_identification:_identify(whisper/tts) by extension 'python_setup_py'
[0.428s] Level 1:colcon.colcon_core.package_discovery:discover_packages(recursive) using defaults
[0.428s] Level 1:colcon.colcon_core.package_discovery:discover_packages(ignore) discover
[0.428s] Level 1:colcon.colcon_core.package_discovery:discover_packages(ignore) using defaults
[0.428s] Level 1:colcon.colcon_core.package_discovery:discover_packages(path) discover
[0.428s] Level 1:colcon.colcon_core.package_discovery:discover_packages(path) using defaults
[0.468s] Level 1:colcon.colcon_core.package_discovery:discover_packages(prefix_path) check parameters
[0.468s] Level 1:colcon.colcon_core.package_discovery:discover_packages(prefix_path) discover
[0.471s] DEBUG:colcon.colcon_installed_package_information.package_discovery:Found 1 installed packages in /home/ubuntu/hospital-robot-ROS2/install
[0.472s] DEBUG:colcon.colcon_installed_package_information.package_discovery:Found 3 installed packages in /home/ubuntu/microRos_ws/install
[0.472s] DEBUG:colcon.colcon_installed_package_information.package_discovery:Found 6 installed packages in /home/ubuntu/robot_ws/install
[0.473s] DEBUG:colcon.colcon_installed_package_information.package_discovery:Found 16 installed packages in /home/ubuntu/turtlebot3_ws/install
[0.474s] DEBUG:colcon.colcon_installed_package_information.package_discovery:Found 345 installed packages in /opt/ros/humble
[0.476s] Level 1:colcon.colcon_core.package_discovery:discover_packages(prefix_path) using defaults
[0.539s] Level 5:colcon.colcon_core.verb:set package 'hospital_voice' build argument 'cmake_args' from command line to 'None'
[0.539s] Level 5:colcon.colcon_core.verb:set package 'hospital_voice' build argument 'cmake_target' from command line to 'None'
[0.540s] Level 5:colcon.colcon_core.verb:set package 'hospital_voice' build argument 'cmake_target_skip_unavailable' from command line to 'False'
[0.540s] Level 5:colcon.colcon_core.verb:set package 'hospital_voice' build argument 'cmake_clean_cache' from command line to 'False'
[0.540s] Level 5:colcon.colcon_core.verb:set package 'hospital_voice' build argument 'cmake_clean_first' from command line to 'False'
[0.540s] Level 5:colcon.colcon_core.verb:set package 'hospital_voice' build argument 'cmake_force_configure' from command line to 'False'
[0.540s] Level 5:colcon.colcon_core.verb:set package 'hospital_voice' build argument 'ament_cmake_args' from command line to 'None'
[0.540s] Level 5:colcon.colcon_core.verb:set package 'hospital_voice' build argument 'catkin_cmake_args' from command line to 'None'
[0.540s] Level 5:colcon.colcon_core.verb:set package 'hospital_voice' build argument 'catkin_skip_building_tests' from command line to 'False'
[0.540s] DEBUG:colcon.colcon_core.verb:Building package 'hospital_voice' with the following arguments: {'ament_cmake_args': None, 'build_base': '/home/ubuntu/hospital-robot-ROS2/build/hospital_voice', 'catkin_cmake_args': None, 'catkin_skip_building_tests': False, 'cmake_args': None, 'cmake_clean_cache': False, 'cmake_clean_first': False, 'cmake_force_configure': False, 'cmake_target': None, 'cmake_target_skip_unavailable': False, 'install_base': '/home/ubuntu/hospital-robot-ROS2/install/hospital_voice', 'merge_install': False, 'path': '/home/ubuntu/hospital-robot-ROS2/src/hospital_voice', 'symlink_install': False, 'test_result_base': None}
[0.540s] INFO:colcon.colcon_core.executor:Executing jobs using 'parallel' executor
[0.559s] DEBUG:colcon.colcon_parallel_executor.executor.parallel:run_until_complete
[0.563s] INFO:colcon.colcon_ros.task.ament_python.build:Building ROS package in '/home/ubuntu/hospital-robot-ROS2/src/hospital_voice' with build type 'ament_python'
[0.563s] Level 1:colcon.colcon_core.shell:create_environment_hook('hospital_voice', 'ament_prefix_path')
[0.571s] INFO:colcon.colcon_core.plugin_system:Skipping extension 'colcon_core.shell.bat': Not used on non-Windows systems
[0.571s] INFO:colcon.colcon_core.shell:Creating environment hook '/home/ubuntu/hospital-robot-ROS2/install/hospital_voice/share/hospital_voice/hook/ament_prefix_path.ps1'
[0.573s] INFO:colcon.colcon_core.shell:Creating environment descriptor '/home/ubuntu/hospital-robot-ROS2/install/hospital_voice/share/hospital_voice/hook/ament_prefix_path.dsv'
[0.574s] INFO:colcon.colcon_core.shell:Creating environment hook '/home/ubuntu/hospital-robot-ROS2/install/hospital_voice/share/hospital_voice/hook/ament_prefix_path.sh'
[0.575s] INFO:colcon.colcon_core.shell:Skip shell extension 'powershell' for command environment: Not usable outside of PowerShell
[0.577s] DEBUG:colcon.colcon_core.shell:Skip shell extension 'dsv' for command environment
[1.093s] INFO:colcon.colcon_core.task.python.build:Building Python package in '/home/ubuntu/hospital-robot-ROS2/src/hospital_voice'
[1.093s] INFO:colcon.colcon_core.shell:Skip shell extension 'powershell' for command environment: Not usable outside of PowerShell
[1.093s] DEBUG:colcon.colcon_core.shell:Skip shell extension 'dsv' for command environment
[1.760s] DEBUG:colcon.colcon_core.event_handler.log_command:Invoking command in '/home/ubuntu/hospital-robot-ROS2/src/hospital_voice': PYTHONPATH=/home/ubuntu/hospital-robot-ROS2/build/hospital_voice/prefix_override:/usr/lib/python3/dist-packages/colcon_core/task/python/colcon_distutils_commands:/home/ubuntu/hospital-robot-ROS2/install/hospital_voice/lib/python3.10/site-packages:${PYTHONPATH} /usr/bin/python3 -W ignore:setup.py install is deprecated -W ignore:easy_install command is deprecated setup.py egg_info --egg-base ../../build/hospital_voice build --build-base /home/ubuntu/hospital-robot-ROS2/build/hospital_voice/build install --record /home/ubuntu/hospital-robot-ROS2/build/hospital_voice/install.log --single-version-externally-managed install_data
[2.308s] DEBUG:colcon.colcon_core.event_handler.log_command:Invoked command in '/home/ubuntu/hospital-robot-ROS2/src/hospital_voice' returned '0': PYTHONPATH=/home/ubuntu/hospital-robot-ROS2/build/hospital_voice/prefix_override:/usr/lib/python3/dist-packages/colcon_core/task/python/colcon_distutils_commands:/home/ubuntu/hospital-robot-ROS2/install/hospital_voice/lib/python3.10/site-packages:${PYTHONPATH} /usr/bin/python3 -W ignore:setup.py install is deprecated -W ignore:easy_install command is deprecated setup.py egg_info --egg-base ../../build/hospital_voice build --build-base /home/ubuntu/hospital-robot-ROS2/build/hospital_voice/build install --record /home/ubuntu/hospital-robot-ROS2/build/hospital_voice/install.log --single-version-externally-managed install_data
[2.312s] Level 1:colcon.colcon_core.environment:checking '/home/ubuntu/hospital-robot-ROS2/install/hospital_voice' for CMake module files
[2.313s] Level 1:colcon.colcon_core.environment:checking '/home/ubuntu/hospital-robot-ROS2/install/hospital_voice' for CMake config files
[2.314s] Level 1:colcon.colcon_core.environment:checking '/home/ubuntu/hospital-robot-ROS2/install/hospital_voice/lib'
[2.314s] Level 1:colcon.colcon_core.environment:checking '/home/ubuntu/hospital-robot-ROS2/install/hospital_voice/bin'
[2.314s] Level 1:colcon.colcon_core.environment:checking '/home/ubuntu/hospital-robot-ROS2/install/hospital_voice/lib/pkgconfig/hospital_voice.pc'
[2.315s] Level 1:colcon.colcon_core.environment:checking '/home/ubuntu/hospital-robot-ROS2/install/hospital_voice/lib/python3.10/site-packages'
[2.315s] Level 1:colcon.colcon_core.shell:create_environment_hook('hospital_voice', 'pythonpath')
[2.315s] INFO:colcon.colcon_core.shell:Creating environment hook '/home/ubuntu/hospital-robot-ROS2/install/hospital_voice/share/hospital_voice/hook/pythonpath.ps1'
[2.318s] INFO:colcon.colcon_core.shell:Creating environment descriptor '/home/ubuntu/hospital-robot-ROS2/install/hospital_voice/share/hospital_voice/hook/pythonpath.dsv'
[2.320s] INFO:colcon.colcon_core.shell:Creating environment hook '/home/ubuntu/hospital-robot-ROS2/install/hospital_voice/share/hospital_voice/hook/pythonpath.sh'
[2.327s] Level 1:colcon.colcon_core.environment:checking '/home/ubuntu/hospital-robot-ROS2/install/hospital_voice/bin'
[2.327s] Level 1:colcon.colcon_core.environment:create_environment_scripts_only(hospital_voice)
[2.328s] INFO:colcon.colcon_core.shell:Creating package script '/home/ubuntu/hospital-robot-ROS2/install/hospital_voice/share/hospital_voice/package.ps1'
[2.329s] INFO:colcon.colcon_core.shell:Creating package descriptor '/home/ubuntu/hospital-robot-ROS2/install/hospital_voice/share/hospital_voice/package.dsv'
[2.331s] INFO:colcon.colcon_core.shell:Creating package script '/home/ubuntu/hospital-robot-ROS2/install/hospital_voice/share/hospital_voice/package.sh'
[2.337s] INFO:colcon.colcon_core.shell:Creating package script '/home/ubuntu/hospital-robot-ROS2/install/hospital_voice/share/hospital_voice/package.bash'
[2.340s] INFO:colcon.colcon_core.shell:Creating package script '/home/ubuntu/hospital-robot-ROS2/install/hospital_voice/share/hospital_voice/package.zsh'
[2.342s] Level 1:colcon.colcon_core.environment:create_file_with_runtime_dependencies(/home/ubuntu/hospital-robot-ROS2/install/hospital_voice/share/colcon-core/packages/hospital_voice)
[2.343s] DEBUG:colcon.colcon_parallel_executor.executor.parallel:closing loop
[2.343s] DEBUG:colcon.colcon_parallel_executor.executor.parallel:loop closed
[2.343s] DEBUG:colcon.colcon_parallel_executor.executor.parallel:run_until_complete finished with '0'
[2.343s] DEBUG:colcon.colcon_core.event_reactor:joining thread
[2.362s] DEBUG:colcon.colcon_core.event_reactor:joined thread
[2.363s] INFO:colcon.colcon_core.shell:Creating prefix script '/home/ubuntu/hospital-robot-ROS2/install/local_setup.ps1'
[2.365s] INFO:colcon.colcon_core.shell:Creating prefix util module '/home/ubuntu/hospital-robot-ROS2/install/_local_setup_util_ps1.py'
[2.370s] INFO:colcon.colcon_core.shell:Creating prefix chain script '/home/ubuntu/hospital-robot-ROS2/install/setup.ps1'
[2.377s] INFO:colcon.colcon_core.shell:Creating prefix script '/home/ubuntu/hospital-robot-ROS2/install/local_setup.sh'
[2.380s] INFO:colcon.colcon_core.shell:Creating prefix util module '/home/ubuntu/hospital-robot-ROS2/install/_local_setup_util_sh.py'
[2.383s] INFO:colcon.colcon_core.shell:Creating prefix chain script '/home/ubuntu/hospital-robot-ROS2/install/setup.sh'
[2.390s] INFO:colcon.colcon_core.shell:Creating prefix script '/home/ubuntu/hospital-robot-ROS2/install/local_setup.bash'
[2.392s] INFO:colcon.colcon_core.shell:Creating prefix chain script '/home/ubuntu/hospital-robot-ROS2/install/setup.bash'
[2.398s] INFO:colcon.colcon_core.shell:Creating prefix script '/home/ubuntu/hospital-robot-ROS2/install/local_setup.zsh'
[2.401s] INFO:colcon.colcon_core.shell:Creating prefix chain script '/home/ubuntu/hospital-robot-ROS2/install/setup.zsh'
