[0.012s] Invoking command in '/home/ubuntu/ros2_ws/build/mini_project_hp': CMAKE_PREFIX_PATH=${CMAKE_PREFIX_PATH}:/home/ubuntu/turtlebot3_ws/install/turtlebot3_teleop:/home/ubuntu/turtlebot3_ws/install/turtlebot3_example:/opt/ros/humble /home/ubuntu/Qt/Tools/CMake/bin/cmake /home/ubuntu/ros2_ws/src/mini_project_hp -DCMAKE_PREFIX_PATH=/usr/lib/x86_64-linux-gnu/cmake -DCMAKE_INSTALL_PREFIX=/home/ubuntu/ros2_ws/install/mini_project_hp
[0.056s] -- The C compiler identification is GNU 11.4.0
[0.103s] -- The CXX compiler identification is GNU 11.4.0
[0.113s] -- Detecting C compiler ABI info
[0.171s] -- Detecting C compiler ABI info - done
[0.183s] -- Check for working C compiler: /usr/bin/cc - skipped
[0.183s] -- Detecting C compile features
[0.183s] -- Detecting C compile features - done
[0.188s] -- Detecting CXX compiler ABI info
[0.255s] -- Detecting CXX compiler ABI info - done
[0.268s] -- Check for working CXX compiler: /usr/bin/c++ - skipped
[0.268s] -- Detecting CXX compile features
[0.268s] -- Detecting CXX compile features - done
[0.271s] -- Found ament_cmake: 1.3.14 (/opt/ros/humble/share/ament_cmake/cmake)
[0.377s] -- Found Python3: /usr/bin/python3 (found version "3.10.12") found components: Interpreter
[0.458s] -- Found rclcpp: 16.0.19 (/opt/ros/humble/share/rclcpp/cmake)
[0.503s] -- Found rosidl_generator_c: 3.1.8 (/opt/ros/humble/share/rosidl_generator_c/cmake)
[0.508s] -- Found rosidl_adapter: 3.1.8 (/opt/ros/humble/share/rosidl_adapter/cmake)
[0.517s] -- Found rosidl_generator_cpp: 3.1.8 (/opt/ros/humble/share/rosidl_generator_cpp/cmake)
[0.532s] -- Using all available rosidl_typesupport_c: rosidl_typesupport_fastrtps_c;rosidl_typesupport_introspection_c
[0.550s] -- Using all available rosidl_typesupport_cpp: rosidl_typesupport_fastrtps_cpp;rosidl_typesupport_introspection_cpp
[0.606s] -- Found rmw_implementation_cmake: 6.1.2 (/opt/ros/humble/share/rmw_implementation_cmake/cmake)
[0.610s] -- Found rmw_fastrtps_cpp: 6.2.10 (/opt/ros/humble/share/rmw_fastrtps_cpp/cmake)
[0.701s] -- Found OpenSSL: /usr/lib/x86_64-linux-gnu/libcrypto.so (found version "3.0.2")
[0.729s] -- Found FastRTPS: /opt/ros/humble/include
[0.766s] -- Using RMW implementation 'rmw_fastrtps_cpp' as default
[0.774s] -- Performing Test CMAKE_HAVE_LIBC_PTHREAD
[0.832s] -- Performing Test CMAKE_HAVE_LIBC_PTHREAD - Success
[0.833s] -- Found Threads: TRUE
[0.884s] -- Found geometry_msgs: 4.9.1 (/opt/ros/humble/share/geometry_msgs/cmake)
[0.897s] -- Found sensor_msgs: 4.9.1 (/opt/ros/humble/share/sensor_msgs/cmake)
[0.933s] -- Performing Test HAVE_STDATOMIC
[1.025s] -- Performing Test HAVE_STDATOMIC - Success
[1.025s] -- Found WrapAtomic: TRUE
[1.044s] -- Found OpenGL: /usr/lib/x86_64-linux-gnu/libOpenGL.so
[1.044s] -- Found WrapOpenGL: TRUE
[1.101s] -- Found XKB: /usr/lib/x86_64-linux-gnu/libxkbcommon.so (found suitable version "1.4.0", minimum required is "0.5.0")
[1.136s] -- Found WrapVulkanHeaders: /usr/include
[1.207s] -- Configuring done (1.2s)
[1.235s] -- Generating done (0.0s)
[1.238s] -- Build files have been written to: /home/ubuntu/ros2_ws/build/mini_project_hp
[1.248s] Invoked command in '/home/ubuntu/ros2_ws/build/mini_project_hp' returned '0': CMAKE_PREFIX_PATH=${CMAKE_PREFIX_PATH}:/home/ubuntu/turtlebot3_ws/install/turtlebot3_teleop:/home/ubuntu/turtlebot3_ws/install/turtlebot3_example:/opt/ros/humble /home/ubuntu/Qt/Tools/CMake/bin/cmake /home/ubuntu/ros2_ws/src/mini_project_hp -DCMAKE_PREFIX_PATH=/usr/lib/x86_64-linux-gnu/cmake -DCMAKE_INSTALL_PREFIX=/home/ubuntu/ros2_ws/install/mini_project_hp
[1.250s] Invoking command in '/home/ubuntu/ros2_ws/build/mini_project_hp': CMAKE_PREFIX_PATH=${CMAKE_PREFIX_PATH}:/home/ubuntu/turtlebot3_ws/install/turtlebot3_teleop:/home/ubuntu/turtlebot3_ws/install/turtlebot3_example:/opt/ros/humble /home/ubuntu/Qt/Tools/CMake/bin/cmake --build /home/ubuntu/ros2_ws/build/mini_project_hp -- -j4 -l4
[1.276s] [  0%] Built target mini_project_hp_autogen_timestamp_deps
[1.288s] [ 12%] [34m[1mAutomatic MOC and UIC for target mini_project_hp[0m
[1.552s] [ 12%] Built target mini_project_hp_autogen
[1.559s] [ 25%] [34m[1mAutomatic RCC for resources.qrc[0m
[1.588s] [ 37%] [32mBuilding CXX object CMakeFiles/mini_project_hp.dir/mini_project_hp_autogen/mocs_compilation.cpp.o[0m
[1.588s] [ 50%] [32mBuilding CXX object CMakeFiles/mini_project_hp.dir/src/main.cpp.o[0m
[1.589s] [ 62%] [32mBuilding CXX object CMakeFiles/mini_project_hp.dir/src/mainwindow.cpp.o[0m
[1.589s] [ 75%] [32mBuilding CXX object CMakeFiles/mini_project_hp.dir/mini_project_hp_autogen/EWIEGA46WW/qrc_resources.cpp.o[0m
[15.374s] [ 87%] [32m[1mLinking CXX executable mini_project_hp[0m
[17.007s] [100%] Built target mini_project_hp
[17.012s] Invoked command in '/home/ubuntu/ros2_ws/build/mini_project_hp' returned '0': CMAKE_PREFIX_PATH=${CMAKE_PREFIX_PATH}:/home/ubuntu/turtlebot3_ws/install/turtlebot3_teleop:/home/ubuntu/turtlebot3_ws/install/turtlebot3_example:/opt/ros/humble /home/ubuntu/Qt/Tools/CMake/bin/cmake --build /home/ubuntu/ros2_ws/build/mini_project_hp -- -j4 -l4
[17.016s] Invoking command in '/home/ubuntu/ros2_ws/build/mini_project_hp': CMAKE_PREFIX_PATH=${CMAKE_PREFIX_PATH}:/home/ubuntu/turtlebot3_ws/install/turtlebot3_teleop:/home/ubuntu/turtlebot3_ws/install/turtlebot3_example:/opt/ros/humble /home/ubuntu/Qt/Tools/CMake/bin/cmake --install /home/ubuntu/ros2_ws/build/mini_project_hp
[17.018s] -- Install configuration: ""
[17.018s] -- Installing: /home/ubuntu/ros2_ws/install/mini_project_hp/lib/mini_project_hp/mini_project_hp
[17.026s] -- Set non-toolchain portion of runtime path of "/home/ubuntu/ros2_ws/install/mini_project_hp/lib/mini_project_hp/mini_project_hp" to ""
[17.026s] -- Installing: /home/ubuntu/ros2_ws/install/mini_project_hp/share/ament_index/resource_index/package_run_dependencies/mini_project_hp
[17.026s] -- Installing: /home/ubuntu/ros2_ws/install/mini_project_hp/share/ament_index/resource_index/parent_prefix_path/mini_project_hp
[17.026s] -- Installing: /home/ubuntu/ros2_ws/install/mini_project_hp/share/mini_project_hp/environment/ament_prefix_path.sh
[17.026s] -- Installing: /home/ubuntu/ros2_ws/install/mini_project_hp/share/mini_project_hp/environment/ament_prefix_path.dsv
[17.026s] -- Installing: /home/ubuntu/ros2_ws/install/mini_project_hp/share/mini_project_hp/environment/path.sh
[17.026s] -- Installing: /home/ubuntu/ros2_ws/install/mini_project_hp/share/mini_project_hp/environment/path.dsv
[17.026s] -- Installing: /home/ubuntu/ros2_ws/install/mini_project_hp/share/mini_project_hp/local_setup.bash
[17.027s] -- Installing: /home/ubuntu/ros2_ws/install/mini_project_hp/share/mini_project_hp/local_setup.sh
[17.027s] -- Installing: /home/ubuntu/ros2_ws/install/mini_project_hp/share/mini_project_hp/local_setup.zsh
[17.027s] -- Installing: /home/ubuntu/ros2_ws/install/mini_project_hp/share/mini_project_hp/local_setup.dsv
[17.027s] -- Installing: /home/ubuntu/ros2_ws/install/mini_project_hp/share/mini_project_hp/package.dsv
[17.027s] -- Installing: /home/ubuntu/ros2_ws/install/mini_project_hp/share/ament_index/resource_index/packages/mini_project_hp
[17.027s] -- Installing: /home/ubuntu/ros2_ws/install/mini_project_hp/share/mini_project_hp/cmake/mini_project_hpConfig.cmake
[17.028s] -- Installing: /home/ubuntu/ros2_ws/install/mini_project_hp/share/mini_project_hp/cmake/mini_project_hpConfig-version.cmake
[17.028s] -- Installing: /home/ubuntu/ros2_ws/install/mini_project_hp/share/mini_project_hp/package.xml
[17.028s] Invoked command in '/home/ubuntu/ros2_ws/build/mini_project_hp' returned '0': CMAKE_PREFIX_PATH=${CMAKE_PREFIX_PATH}:/home/ubuntu/turtlebot3_ws/install/turtlebot3_teleop:/home/ubuntu/turtlebot3_ws/install/turtlebot3_example:/opt/ros/humble /home/ubuntu/Qt/Tools/CMake/bin/cmake --install /home/ubuntu/ros2_ws/build/mini_project_hp
