[2.899s] Invoking command in '/home/ubuntu/hospital-robot-ROS2/src/hospital_voice': PYTHONPATH=/home/ubuntu/hospital-robot-ROS2/build/hospital_voice/prefix_override:/usr/lib/python3/dist-packages/colcon_core/task/python/colcon_distutils_commands:/home/ubuntu/hospital-robot-ROS2/install/hospital_voice/lib/python3.10/site-packages:${PYTHONPATH} /usr/bin/python3 -W ignore:setup.py install is deprecated -W ignore:easy_install command is deprecated setup.py egg_info --egg-base ../../build/hospital_voice build --build-base /home/ubuntu/hospital-robot-ROS2/build/hospital_voice/build install --record /home/ubuntu/hospital-robot-ROS2/build/hospital_voice/install.log --single-version-externally-managed install_data
[3.455s] running egg_info
[3.456s] creating ../../build/hospital_voice/hospital_voice.egg-info
[3.457s] writing ../../build/hospital_voice/hospital_voice.egg-info/PKG-INFO
[3.457s] writing dependency_links to ../../build/hospital_voice/hospital_voice.egg-info/dependency_links.txt
[3.457s] writing entry points to ../../build/hospital_voice/hospital_voice.egg-info/entry_points.txt
[3.458s] writing requirements to ../../build/hospital_voice/hospital_voice.egg-info/requires.txt
[3.458s] writing top-level names to ../../build/hospital_voice/hospital_voice.egg-info/top_level.txt
[3.458s] writing manifest file '../../build/hospital_voice/hospital_voice.egg-info/SOURCES.txt'
[3.461s] reading manifest file '../../build/hospital_voice/hospital_voice.egg-info/SOURCES.txt'
[3.463s] writing manifest file '../../build/hospital_voice/hospital_voice.egg-info/SOURCES.txt'
[3.463s] running build
[3.463s] running build_py
[3.463s] creating /home/ubuntu/hospital-robot-ROS2/build/hospital_voice/build
[3.464s] creating /home/ubuntu/hospital-robot-ROS2/build/hospital_voice/build/lib
[3.464s] creating /home/ubuntu/hospital-robot-ROS2/build/hospital_voice/build/lib/hospital_voice
[3.468s] copying hospital_voice/__init__.py -> /home/ubuntu/hospital-robot-ROS2/build/hospital_voice/build/lib/hospital_voice
[3.468s] copying hospital_voice/whisper_node.py -> /home/ubuntu/hospital-robot-ROS2/build/hospital_voice/build/lib/hospital_voice
[3.468s] running install
[3.468s] running install_lib
[3.468s] creating /home/ubuntu/hospital-robot-ROS2/install/hospital_voice/lib/python3.10/site-packages/hospital_voice
[3.468s] copying /home/ubuntu/hospital-robot-ROS2/build/hospital_voice/build/lib/hospital_voice/__init__.py -> /home/ubuntu/hospital-robot-ROS2/install/hospital_voice/lib/python3.10/site-packages/hospital_voice
[3.469s] copying /home/ubuntu/hospital-robot-ROS2/build/hospital_voice/build/lib/hospital_voice/whisper_node.py -> /home/ubuntu/hospital-robot-ROS2/install/hospital_voice/lib/python3.10/site-packages/hospital_voice
[3.469s] byte-compiling /home/ubuntu/hospital-robot-ROS2/install/hospital_voice/lib/python3.10/site-packages/hospital_voice/__init__.py to __init__.cpython-310.pyc
[3.470s] byte-compiling /home/ubuntu/hospital-robot-ROS2/install/hospital_voice/lib/python3.10/site-packages/hospital_voice/whisper_node.py to whisper_node.cpython-310.pyc
[3.470s] running install_data
[3.470s] creating /home/ubuntu/hospital-robot-ROS2/install/hospital_voice/share/ament_index
[3.471s] creating /home/ubuntu/hospital-robot-ROS2/install/hospital_voice/share/ament_index/resource_index
[3.472s] creating /home/ubuntu/hospital-robot-ROS2/install/hospital_voice/share/ament_index/resource_index/packages
[3.472s] copying resource/hospital_voice -> /home/ubuntu/hospital-robot-ROS2/install/hospital_voice/share/ament_index/resource_index/packages
[3.472s] copying package.xml -> /home/ubuntu/hospital-robot-ROS2/install/hospital_voice/share/hospital_voice
[3.472s] running install_egg_info
[3.476s] Copying ../../build/hospital_voice/hospital_voice.egg-info to /home/ubuntu/hospital-robot-ROS2/install/hospital_voice/lib/python3.10/site-packages/hospital_voice-0.0.0-py3.10.egg-info
[3.496s] running install_scripts
[3.525s] Installing whisper_node script to /home/ubuntu/hospital-robot-ROS2/install/hospital_voice/lib/hospital_voice
[3.525s] writing list of installed files to '/home/ubuntu/hospital-robot-ROS2/build/hospital_voice/install.log'
[3.565s] Invoked command in '/home/ubuntu/hospital-robot-ROS2/src/hospital_voice' returned '0': PYTHONPATH=/home/ubuntu/hospital-robot-ROS2/build/hospital_voice/prefix_override:/usr/lib/python3/dist-packages/colcon_core/task/python/colcon_distutils_commands:/home/ubuntu/hospital-robot-ROS2/install/hospital_voice/lib/python3.10/site-packages:${PYTHONPATH} /usr/bin/python3 -W ignore:setup.py install is deprecated -W ignore:easy_install command is deprecated setup.py egg_info --egg-base ../../build/hospital_voice build --build-base /home/ubuntu/hospital-robot-ROS2/build/hospital_voice/build install --record /home/ubuntu/hospital-robot-ROS2/build/hospital_voice/install.log --single-version-externally-managed install_data
