[1.143s] Invoking command in '/home/ubuntu/hospital-robot-ROS2/src/hospital_voice': PYTHONPATH=/home/ubuntu/hospital-robot-ROS2/build/hospital_voice/prefix_override:/usr/lib/python3/dist-packages/colcon_core/task/python/colcon_distutils_commands:/home/ubuntu/hospital-robot-ROS2/install/hospital_voice/lib/python3.10/site-packages:${PYTHONPATH} /usr/bin/python3 -W ignore:setup.py install is deprecated -W ignore:easy_install command is deprecated setup.py egg_info --egg-base ../../build/hospital_voice build --build-base /home/ubuntu/hospital-robot-ROS2/build/hospital_voice/build install --record /home/ubuntu/hospital-robot-ROS2/build/hospital_voice/install.log --single-version-externally-managed install_data
[1.467s] running egg_info
[1.467s] writing ../../build/hospital_voice/hospital_voice.egg-info/PKG-INFO
[1.469s] writing dependency_links to ../../build/hospital_voice/hospital_voice.egg-info/dependency_links.txt
[1.472s] writing entry points to ../../build/hospital_voice/hospital_voice.egg-info/entry_points.txt
[1.472s] writing requirements to ../../build/hospital_voice/hospital_voice.egg-info/requires.txt
[1.473s] writing top-level names to ../../build/hospital_voice/hospital_voice.egg-info/top_level.txt
[1.476s] reading manifest file '../../build/hospital_voice/hospital_voice.egg-info/SOURCES.txt'
[1.481s] writing manifest file '../../build/hospital_voice/hospital_voice.egg-info/SOURCES.txt'
[1.481s] running build
[1.481s] running build_py
[1.482s] copying hospital_voice/tts_node.py -> /home/ubuntu/hospital-robot-ROS2/build/hospital_voice/build/lib/hospital_voice
[1.483s] running install
[1.483s] running install_lib
[1.485s] copying /home/ubuntu/hospital-robot-ROS2/build/hospital_voice/build/lib/hospital_voice/tts_node.py -> /home/ubuntu/hospital-robot-ROS2/install/hospital_voice/lib/python3.10/site-packages/hospital_voice
[1.488s] byte-compiling /home/ubuntu/hospital-robot-ROS2/install/hospital_voice/lib/python3.10/site-packages/hospital_voice/tts_node.py to tts_node.cpython-310.pyc
[1.488s] running install_data
[1.488s] running install_egg_info
[1.489s]   File "/home/ubuntu/hospital-robot-ROS2/install/hospital_voice/lib/python3.10/site-packages/hospital_voice/tts_node.py", line 34
[1.489s]     with open(tmp_path, 'rb') as f:
[1.489s]     ^^^^
[1.489s] SyntaxError: expected 'except' or 'finally' block
[1.489s] 
[1.493s] removing '/home/ubuntu/hospital-robot-ROS2/install/hospital_voice/lib/python3.10/site-packages/hospital_voice-0.0.0-py3.10.egg-info' (and everything under it)
[1.493s] Copying ../../build/hospital_voice/hospital_voice.egg-info to /home/ubuntu/hospital-robot-ROS2/install/hospital_voice/lib/python3.10/site-packages/hospital_voice-0.0.0-py3.10.egg-info
[1.495s] running install_scripts
[1.526s] Installing tts_node script to /home/ubuntu/hospital-robot-ROS2/install/hospital_voice/lib/hospital_voice
[1.526s] Installing whisper_node script to /home/ubuntu/hospital-robot-ROS2/install/hospital_voice/lib/hospital_voice
[1.528s] writing list of installed files to '/home/ubuntu/hospital-robot-ROS2/build/hospital_voice/install.log'
[1.564s] Invoked command in '/home/ubuntu/hospital-robot-ROS2/src/hospital_voice' returned '0': PYTHONPATH=/home/ubuntu/hospital-robot-ROS2/build/hospital_voice/prefix_override:/usr/lib/python3/dist-packages/colcon_core/task/python/colcon_distutils_commands:/home/ubuntu/hospital-robot-ROS2/install/hospital_voice/lib/python3.10/site-packages:${PYTHONPATH} /usr/bin/python3 -W ignore:setup.py install is deprecated -W ignore:easy_install command is deprecated setup.py egg_info --egg-base ../../build/hospital_voice build --build-base /home/ubuntu/hospital-robot-ROS2/build/hospital_voice/build install --record /home/ubuntu/hospital-robot-ROS2/build/hospital_voice/install.log --single-version-externally-managed install_data
