[0.796s] Invoking command in '/home/hospital/hospital_ws/src/hospital_vision': PYTHONPATH=/home/hospital/hospital_ws/build/hospital_vision/prefix_override:/usr/lib/python3/dist-packages/colcon_core/task/python/colcon_distutils_commands:/home/hospital/hospital_ws/install/hospital_vision/lib/python3.10/site-packages:${PYTHONPATH} /usr/bin/python3 -W ignore:setup.py install is deprecated -W ignore:easy_install command is deprecated setup.py egg_info --egg-base ../../build/hospital_vision build --build-base /home/hospital/hospital_ws/build/hospital_vision/build install --record /home/hospital/hospital_ws/build/hospital_vision/install.log --single-version-externally-managed install_data
[0.951s] running egg_info
[0.951s] writing ../../build/hospital_vision/hospital_vision.egg-info/PKG-INFO
[0.952s] writing dependency_links to ../../build/hospital_vision/hospital_vision.egg-info/dependency_links.txt
[0.952s] writing entry points to ../../build/hospital_vision/hospital_vision.egg-info/entry_points.txt
[0.952s] writing requirements to ../../build/hospital_vision/hospital_vision.egg-info/requires.txt
[0.952s] writing top-level names to ../../build/hospital_vision/hospital_vision.egg-info/top_level.txt
[0.954s] reading manifest file '../../build/hospital_vision/hospital_vision.egg-info/SOURCES.txt'
[0.954s] writing manifest file '../../build/hospital_vision/hospital_vision.egg-info/SOURCES.txt'
[0.955s] running build
[0.955s] running build_py
[0.956s] running install
[0.956s] running install_lib
[0.958s] running install_data
[0.959s] running install_egg_info
[0.959s] removing '/home/hospital/hospital_ws/install/hospital_vision/lib/python3.10/site-packages/hospital_vision-0.0.0-py3.10.egg-info' (and everything under it)
[0.960s] Copying ../../build/hospital_vision/hospital_vision.egg-info to /home/hospital/hospital_ws/install/hospital_vision/lib/python3.10/site-packages/hospital_vision-0.0.0-py3.10.egg-info
[0.960s] running install_scripts
[0.975s] Installing d435_node script to /home/hospital/hospital_ws/install/hospital_vision/lib/hospital_vision
[0.975s] Installing d435_node1 script to /home/hospital/hospital_ws/install/hospital_vision/lib/hospital_vision
[0.975s] writing list of installed files to '/home/hospital/hospital_ws/build/hospital_vision/install.log'
[0.994s] Invoked command in '/home/hospital/hospital_ws/src/hospital_vision' returned '0': PYTHONPATH=/home/hospital/hospital_ws/build/hospital_vision/prefix_override:/usr/lib/python3/dist-packages/colcon_core/task/python/colcon_distutils_commands:/home/hospital/hospital_ws/install/hospital_vision/lib/python3.10/site-packages:${PYTHONPATH} /usr/bin/python3 -W ignore:setup.py install is deprecated -W ignore:easy_install command is deprecated setup.py egg_info --egg-base ../../build/hospital_vision build --build-base /home/hospital/hospital_ws/build/hospital_vision/build install --record /home/hospital/hospital_ws/build/hospital_vision/install.log --single-version-externally-managed install_data
