[0.023s] Invoking command in '/home/ubuntu/ros2_ws/build/mini_project_hp': CMAKE_PREFIX_PATH=${CMAKE_PREFIX_PATH}:/home/ubuntu/turtlebot3_ws/install/turtlebot3_teleop:/home/ubuntu/turtlebot3_ws/install/turtlebot3_example:/opt/ros/humble /home/ubuntu/Qt/Tools/CMake/bin/cmake --build /home/ubuntu/ros2_ws/build/mini_project_hp -- -j4 -l4
[0.069s] -- Found ament_cmake: 1.3.14 (/opt/ros/humble/share/ament_cmake/cmake)
[0.228s] -- Found rclcpp: 16.0.19 (/opt/ros/humble/share/rclcpp/cmake)
[0.259s] -- Found rosidl_generator_c: 3.1.8 (/opt/ros/humble/share/rosidl_generator_c/cmake)
[0.260s] -- Found rosidl_adapter: 3.1.8 (/opt/ros/humble/share/rosidl_adapter/cmake)
[0.265s] -- Found rosidl_generator_cpp: 3.1.8 (/opt/ros/humble/share/rosidl_generator_cpp/cmake)
[0.276s] -- Using all available rosidl_typesupport_c: rosidl_typesupport_fastrtps_c;rosidl_typesupport_introspection_c
[0.286s] -- Using all available rosidl_typesupport_cpp: rosidl_typesupport_fastrtps_cpp;rosidl_typesupport_introspection_cpp
[0.315s] -- Found rmw_implementation_cmake: 6.1.2 (/opt/ros/humble/share/rmw_implementation_cmake/cmake)
[0.316s] -- Found rmw_fastrtps_cpp: 6.2.10 (/opt/ros/humble/share/rmw_fastrtps_cpp/cmake)
[0.411s] -- Using RMW implementation 'rmw_fastrtps_cpp' as default
[0.462s] -- Found geometry_msgs: 4.9.1 (/opt/ros/humble/share/geometry_msgs/cmake)
[0.469s] -- Found sensor_msgs: 4.9.1 (/opt/ros/humble/share/sensor_msgs/cmake)
[0.778s] -- Configuring done (0.7s)
[0.845s] -- Generating done (0.1s)
[0.848s] -- Build files have been written to: /home/ubuntu/ros2_ws/build/mini_project_hp
[0.876s] [  0%] Built target mini_project_hp_autogen_timestamp_deps
[0.910s] [ 12%] [34m[1mAutomatic MOC and UIC for target mini_project_hp[0m
[1.631s] [ 12%] Built target mini_project_hp_autogen
[1.637s] [ 25%] [34m[1mAutomatic RCC for resources.qrc[0m
[1.681s] [ 37%] [32mBuilding CXX object CMakeFiles/mini_project_hp.dir/mini_project_hp_autogen/mocs_compilation.cpp.o[0m
[1.682s] [ 50%] [32mBuilding CXX object CMakeFiles/mini_project_hp.dir/src/main.cpp.o[0m
[1.683s] [ 62%] [32mBuilding CXX object CMakeFiles/mini_project_hp.dir/src/mainwindow.cpp.o[0m
[1.685s] [ 75%] [32mBuilding CXX object CMakeFiles/mini_project_hp.dir/mini_project_hp_autogen/EWIEGA46WW/qrc_resources.cpp.o[0m
[15.426s] [ 87%] [32m[1mLinking CXX executable mini_project_hp[0m
[17.198s] [100%] Built target mini_project_hp
[17.204s] Invoked command in '/home/ubuntu/ros2_ws/build/mini_project_hp' returned '0': CMAKE_PREFIX_PATH=${CMAKE_PREFIX_PATH}:/home/ubuntu/turtlebot3_ws/install/turtlebot3_teleop:/home/ubuntu/turtlebot3_ws/install/turtlebot3_example:/opt/ros/humble /home/ubuntu/Qt/Tools/CMake/bin/cmake --build /home/ubuntu/ros2_ws/build/mini_project_hp -- -j4 -l4
[17.208s] Invoking command in '/home/ubuntu/ros2_ws/build/mini_project_hp': CMAKE_PREFIX_PATH=${CMAKE_PREFIX_PATH}:/home/ubuntu/turtlebot3_ws/install/turtlebot3_teleop:/home/ubuntu/turtlebot3_ws/install/turtlebot3_example:/opt/ros/humble /home/ubuntu/Qt/Tools/CMake/bin/cmake --install /home/ubuntu/ros2_ws/build/mini_project_hp
[17.211s] -- Install configuration: ""
[17.222s] -- Installing: /home/ubuntu/ros2_ws/install/mini_project_hp/lib/mini_project_hp/mini_project_hp
[17.230s] -- Set non-toolchain portion of runtime path of "/home/ubuntu/ros2_ws/install/mini_project_hp/lib/mini_project_hp/mini_project_hp" to ""
[17.230s] -- Installing: /home/ubuntu/ros2_ws/install/mini_project_hp/share/ament_index/resource_index/package_run_dependencies/mini_project_hp
[17.231s] -- Up-to-date: /home/ubuntu/ros2_ws/install/mini_project_hp/share/ament_index/resource_index/parent_prefix_path/mini_project_hp
[17.232s] -- Up-to-date: /home/ubuntu/ros2_ws/install/mini_project_hp/share/mini_project_hp/environment/ament_prefix_path.sh
[17.232s] -- Installing: /home/ubuntu/ros2_ws/install/mini_project_hp/share/mini_project_hp/environment/ament_prefix_path.dsv
[17.232s] -- Up-to-date: /home/ubuntu/ros2_ws/install/mini_project_hp/share/mini_project_hp/environment/path.sh
[17.232s] -- Installing: /home/ubuntu/ros2_ws/install/mini_project_hp/share/mini_project_hp/environment/path.dsv
[17.232s] -- Up-to-date: /home/ubuntu/ros2_ws/install/mini_project_hp/share/mini_project_hp/local_setup.bash
[17.232s] -- Up-to-date: /home/ubuntu/ros2_ws/install/mini_project_hp/share/mini_project_hp/local_setup.sh
[17.232s] -- Up-to-date: /home/ubuntu/ros2_ws/install/mini_project_hp/share/mini_project_hp/local_setup.zsh
[17.232s] -- Installing: /home/ubuntu/ros2_ws/install/mini_project_hp/share/mini_project_hp/local_setup.dsv
[17.232s] -- Installing: /home/ubuntu/ros2_ws/install/mini_project_hp/share/mini_project_hp/package.dsv
[17.233s] -- Up-to-date: /home/ubuntu/ros2_ws/install/mini_project_hp/share/ament_index/resource_index/packages/mini_project_hp
[17.234s] -- Up-to-date: /home/ubuntu/ros2_ws/install/mini_project_hp/share/mini_project_hp/cmake/mini_project_hpConfig.cmake
[17.235s] -- Up-to-date: /home/ubuntu/ros2_ws/install/mini_project_hp/share/mini_project_hp/cmake/mini_project_hpConfig-version.cmake
[17.235s] -- Installing: /home/ubuntu/ros2_ws/install/mini_project_hp/share/mini_project_hp/package.xml
[17.237s] Invoked command in '/home/ubuntu/ros2_ws/build/mini_project_hp' returned '0': CMAKE_PREFIX_PATH=${CMAKE_PREFIX_PATH}:/home/ubuntu/turtlebot3_ws/install/turtlebot3_teleop:/home/ubuntu/turtlebot3_ws/install/turtlebot3_example:/opt/ros/humble /home/ubuntu/Qt/Tools/CMake/bin/cmake --install /home/ubuntu/ros2_ws/build/mini_project_hp
