[1.190s] Invoking command in '/home/ubuntu/hospital-robot-ROS2/src/hospital_voice': PYTHONPATH=/home/ubuntu/hospital-robot-ROS2/build/hospital_voice/prefix_override:/usr/lib/python3/dist-packages/colcon_core/task/python/colcon_distutils_commands:/home/ubuntu/hospital-robot-ROS2/install/hospital_voice/lib/python3.10/site-packages:${PYTHONPATH} /usr/bin/python3 -W ignore:setup.py install is deprecated -W ignore:easy_install command is deprecated setup.py egg_info --egg-base ../../build/hospital_voice build --build-base /home/ubuntu/hospital-robot-ROS2/build/hospital_voice/build install --record /home/ubuntu/hospital-robot-ROS2/build/hospital_voice/install.log --single-version-externally-managed install_data
[1.631s] running egg_info
[1.632s] writing ../../build/hospital_voice/hospital_voice.egg-info/PKG-INFO
[1.635s] writing dependency_links to ../../build/hospital_voice/hospital_voice.egg-info/dependency_links.txt
[1.636s] writing entry points to ../../build/hospital_voice/hospital_voice.egg-info/entry_points.txt
[1.639s] writing requirements to ../../build/hospital_voice/hospital_voice.egg-info/requires.txt
[1.639s] writing top-level names to ../../build/hospital_voice/hospital_voice.egg-info/top_level.txt
[1.643s] reading manifest file '../../build/hospital_voice/hospital_voice.egg-info/SOURCES.txt'
[1.647s] writing manifest file '../../build/hospital_voice/hospital_voice.egg-info/SOURCES.txt'
[1.647s] running build
[1.647s] running build_py
[1.647s] running install
[1.649s] running install_lib
[1.652s] running install_data
[1.652s] running install_egg_info
[1.658s] removing '/home/ubuntu/hospital-robot-ROS2/install/hospital_voice/lib/python3.10/site-packages/hospital_voice-0.0.0-py3.10.egg-info' (and everything under it)
[1.658s] Copying ../../build/hospital_voice/hospital_voice.egg-info to /home/ubuntu/hospital-robot-ROS2/install/hospital_voice/lib/python3.10/site-packages/hospital_voice-0.0.0-py3.10.egg-info
[1.662s] running install_scripts
[1.693s] Installing tts_node script to /home/ubuntu/hospital-robot-ROS2/install/hospital_voice/lib/hospital_voice
[1.694s] Installing whisper_node script to /home/ubuntu/hospital-robot-ROS2/install/hospital_voice/lib/hospital_voice
[1.695s] writing list of installed files to '/home/ubuntu/hospital-robot-ROS2/build/hospital_voice/install.log'
[1.738s] Invoked command in '/home/ubuntu/hospital-robot-ROS2/src/hospital_voice' returned '0': PYTHONPATH=/home/ubuntu/hospital-robot-ROS2/build/hospital_voice/prefix_override:/usr/lib/python3/dist-packages/colcon_core/task/python/colcon_distutils_commands:/home/ubuntu/hospital-robot-ROS2/install/hospital_voice/lib/python3.10/site-packages:${PYTHONPATH} /usr/bin/python3 -W ignore:setup.py install is deprecated -W ignore:easy_install command is deprecated setup.py egg_info --egg-base ../../build/hospital_voice build --build-base /home/ubuntu/hospital-robot-ROS2/build/hospital_voice/build install --record /home/ubuntu/hospital-robot-ROS2/build/hospital_voice/install.log --single-version-externally-managed install_data
